This is pdfTeX, Version 3.141592653-2.6-1.40.27 (TeX Live 2026/dev/Arch Linux) (preloaded format=pdflatex 2025.3.25)  7 APR 2025 23:10
entering extended mode
 restricted \write18 enabled.
 %&-line parsing enabled.
**main.tex
(./main.tex
LaTeX2e <2024-11-01> patch level 2
L3 programming layer <2025-01-18>
(/usr/share/texmf-dist/tex/latex/beamer/beamer.cls
Document Class: beamer 2025/02/04 v3.72 A class for typesetting presentations
(/usr/share/texmf-dist/tex/latex/beamer/beamerbasemodes.sty
(/usr/share/texmf-dist/tex/latex/etoolbox/etoolbox.sty
Package: etoolbox 2025/02/11 v2.5l e-TeX tools for LaTeX (JAW)
\etb@tempcnta=\count196
)
\beamer@tempbox=\box52
\beamer@tempcount=\count197
\c@beamerpauses=\count198

(/usr/share/texmf-dist/tex/latex/beamer/beamerbasedecode.sty
\beamer@slideinframe=\count199
\beamer@minimum=\count266
\beamer@decode@box=\box53
)
\beamer@commentbox=\box54
\beamer@modecount=\count267
)
(/usr/share/texmf-dist/tex/generic/iftex/iftex.sty
Package: iftex 2024/12/12 v1.0g TeX engine tests
)
\headdp=\dimen141
\footheight=\dimen142
\sidebarheight=\dimen143
\beamer@tempdim=\dimen144
\beamer@finalheight=\dimen145
\beamer@animht=\dimen146
\beamer@animdp=\dimen147
\beamer@animwd=\dimen148
\beamer@leftmargin=\dimen149
\beamer@rightmargin=\dimen150
\beamer@leftsidebar=\dimen151
\beamer@rightsidebar=\dimen152
\beamer@boxsize=\dimen153
\beamer@vboxoffset=\dimen154
\beamer@descdefault=\dimen155
\beamer@descriptionwidth=\dimen156
\beamer@lastskip=\skip49
\beamer@areabox=\box55
\beamer@animcurrent=\box56
\beamer@animshowbox=\box57
\beamer@sectionbox=\box58
\beamer@logobox=\box59
\beamer@linebox=\box60
\beamer@sectioncount=\count268
\beamer@subsubsectionmax=\count269
\beamer@subsectionmax=\count270
\beamer@sectionmax=\count271
\beamer@totalheads=\count272
\beamer@headcounter=\count273
\beamer@partstartpage=\count274
\beamer@sectionstartpage=\count275
\beamer@subsectionstartpage=\count276
\beamer@animationtempa=\count277
\beamer@animationtempb=\count278
\beamer@xpos=\count279
\beamer@ypos=\count280
\beamer@ypos@offset=\count281
\beamer@showpartnumber=\count282
\beamer@currentsubsection=\count283
\beamer@coveringdepth=\count284
\beamer@sectionadjust=\count285
\beamer@toclastsection=\count286
\beamer@tocsectionnumber=\count287

(/usr/share/texmf-dist/tex/latex/beamer/beamerbaseoptions.sty
(/usr/share/texmf-dist/tex/latex/graphics/keyval.sty
Package: keyval 2022/05/29 v1.15 key=value parser (DPC)
\KV@toks@=\toks17
))
\beamer@paperwidth=\skip50
\beamer@paperheight=\skip51

(/usr/share/texmf-dist/tex/latex/geometry/geometry.sty
Package: geometry 2020/01/02 v5.9 Page Geometry

(/usr/share/texmf-dist/tex/generic/iftex/ifvtex.sty
Package: ifvtex 2019/10/25 v1.7 ifvtex legacy package. Use iftex instead.
)
\Gm@cnth=\count288
\Gm@cntv=\count289
\c@Gm@tempcnt=\count290
\Gm@bindingoffset=\dimen157
\Gm@wd@mp=\dimen158
\Gm@odd@mp=\dimen159
\Gm@even@mp=\dimen160
\Gm@layoutwidth=\dimen161
\Gm@layoutheight=\dimen162
\Gm@layouthoffset=\dimen163
\Gm@layoutvoffset=\dimen164
\Gm@dimlist=\toks18
)
(/usr/share/texmf-dist/tex/latex/pgf/math/pgfmath.sty
(/usr/share/texmf-dist/tex/latex/pgf/utilities/pgfrcs.sty
(/usr/share/texmf-dist/tex/generic/pgf/utilities/pgfutil-common.tex
\pgfutil@everybye=\toks19
\pgfutil@tempdima=\dimen165
\pgfutil@tempdimb=\dimen166
)
(/usr/share/texmf-dist/tex/generic/pgf/utilities/pgfutil-latex.def
\pgfutil@abb=\box61
)
(/usr/share/texmf-dist/tex/generic/pgf/utilities/pgfrcs.code.tex
(/usr/share/texmf-dist/tex/generic/pgf/pgf.revision.tex)
Package: pgfrcs 2023-01-15 v3.1.10 (3.1.10)
))
(/usr/share/texmf-dist/tex/latex/pgf/utilities/pgfkeys.sty
(/usr/share/texmf-dist/tex/generic/pgf/utilities/pgfkeys.code.tex
\pgfkeys@pathtoks=\toks20
\pgfkeys@temptoks=\toks21

(/usr/share/texmf-dist/tex/generic/pgf/utilities/pgfkeyslibraryfiltered.code.te
x
\pgfkeys@tmptoks=\toks22
))) (/usr/share/texmf-dist/tex/generic/pgf/math/pgfmath.code.tex
(/usr/share/texmf-dist/tex/generic/pgf/math/pgfmathutil.code.tex
\pgf@x=\dimen167
\pgf@xa=\dimen168
\pgf@xb=\dimen169
\pgf@xc=\dimen170
\pgf@y=\dimen171
\pgf@ya=\dimen172
\pgf@yb=\dimen173
\pgf@yc=\dimen174
\c@pgf@counta=\count291
\c@pgf@countb=\count292
\c@pgf@countc=\count293
\c@pgf@countd=\count294
)
(/usr/share/texmf-dist/tex/generic/pgf/math/pgfmathparser.code.tex
\pgfmath@dimen=\dimen175
\pgfmath@count=\count295
\pgfmath@box=\box62
\pgfmath@toks=\toks23
\pgfmath@stack@operand=\toks24
\pgfmath@stack@operation=\toks25
)
(/usr/share/texmf-dist/tex/generic/pgf/math/pgfmathfunctions.code.tex)
(/usr/share/texmf-dist/tex/generic/pgf/math/pgfmathfunctions.basic.code.tex)
(/usr/share/texmf-dist/tex/generic/pgf/math/pgfmathfunctions.trigonometric.code
.tex)
(/usr/share/texmf-dist/tex/generic/pgf/math/pgfmathfunctions.random.code.tex)
(/usr/share/texmf-dist/tex/generic/pgf/math/pgfmathfunctions.comparison.code.te
x) (/usr/share/texmf-dist/tex/generic/pgf/math/pgfmathfunctions.base.code.tex)
(/usr/share/texmf-dist/tex/generic/pgf/math/pgfmathfunctions.round.code.tex)
(/usr/share/texmf-dist/tex/generic/pgf/math/pgfmathfunctions.misc.code.tex)
(/usr/share/texmf-dist/tex/generic/pgf/math/pgfmathfunctions.integerarithmetics
.code.tex) (/usr/share/texmf-dist/tex/generic/pgf/math/pgfmathcalc.code.tex)
(/usr/share/texmf-dist/tex/generic/pgf/math/pgfmathfloat.code.tex
\c@pgfmathroundto@lastzeros=\count296
)))
(/usr/share/texmf-dist/tex/latex/base/size11.clo
File: size11.clo 2024/06/29 v1.4n Standard LaTeX file (size option)
)
(/usr/share/texmf-dist/tex/latex/pgf/basiclayer/pgfcore.sty
(/usr/share/texmf-dist/tex/latex/graphics/graphicx.sty
Package: graphicx 2021/09/16 v1.2d Enhanced LaTeX Graphics (DPC,SPQR)

(/usr/share/texmf-dist/tex/latex/graphics/graphics.sty
Package: graphics 2024/08/06 v1.4g Standard LaTeX Graphics (DPC,SPQR)

(/usr/share/texmf-dist/tex/latex/graphics/trig.sty
Package: trig 2023/12/02 v1.11 sin cos tan (DPC)
)
(/usr/share/texmf-dist/tex/latex/graphics-cfg/graphics.cfg
File: graphics.cfg 2016/06/04 v1.11 sample graphics configuration
)
Package graphics Info: Driver file: pdftex.def on input line 106.

(/usr/share/texmf-dist/tex/latex/graphics-def/pdftex.def
File: pdftex.def 2024/04/13 v1.2c Graphics/color driver for pdftex
))
\Gin@req@height=\dimen176
\Gin@req@width=\dimen177
)
(/usr/share/texmf-dist/tex/latex/pgf/systemlayer/pgfsys.sty
(/usr/share/texmf-dist/tex/generic/pgf/systemlayer/pgfsys.code.tex
Package: pgfsys 2023-01-15 v3.1.10 (3.1.10)
\pgf@x=\dimen178
\pgf@y=\dimen179
\pgf@xa=\dimen180
\pgf@ya=\dimen181
\pgf@xb=\dimen182
\pgf@yb=\dimen183
\pgf@xc=\dimen184
\pgf@yc=\dimen185
\pgf@xd=\dimen186
\pgf@yd=\dimen187
\w@pgf@writea=\write3
\r@pgf@reada=\read2
\c@pgf@counta=\count297
\c@pgf@countb=\count298
\c@pgf@countc=\count299
\c@pgf@countd=\count300
\t@pgf@toka=\toks26
\t@pgf@tokb=\toks27
\t@pgf@tokc=\toks28
\pgf@sys@id@count=\count301

(/usr/share/texmf-dist/tex/generic/pgf/systemlayer/pgf.cfg
File: pgf.cfg 2023-01-15 v3.1.10 (3.1.10)
)
Driver file for pgf: pgfsys-pdftex.def

(/usr/share/texmf-dist/tex/generic/pgf/systemlayer/pgfsys-pdftex.def
File: pgfsys-pdftex.def 2023-01-15 v3.1.10 (3.1.10)

(/usr/share/texmf-dist/tex/generic/pgf/systemlayer/pgfsys-common-pdf.def
File: pgfsys-common-pdf.def 2023-01-15 v3.1.10 (3.1.10)
)))
(/usr/share/texmf-dist/tex/generic/pgf/systemlayer/pgfsyssoftpath.code.tex
File: pgfsyssoftpath.code.tex 2023-01-15 v3.1.10 (3.1.10)
\pgfsyssoftpath@smallbuffer@items=\count302
\pgfsyssoftpath@bigbuffer@items=\count303
)
(/usr/share/texmf-dist/tex/generic/pgf/systemlayer/pgfsysprotocol.code.tex
File: pgfsysprotocol.code.tex 2023-01-15 v3.1.10 (3.1.10)
))
(/usr/share/texmf-dist/tex/latex/xcolor/xcolor.sty
Package: xcolor 2024/09/29 v3.02 LaTeX color extensions (UK)

(/usr/share/texmf-dist/tex/latex/graphics-cfg/color.cfg
File: color.cfg 2016/01/02 v1.6 sample color configuration
)
Package xcolor Info: Driver file: pdftex.def on input line 274.

(/usr/share/texmf-dist/tex/latex/graphics/mathcolor.ltx)
Package xcolor Info: Model `cmy' substituted by `cmy0' on input line 1349.
Package xcolor Info: Model `hsb' substituted by `rgb' on input line 1353.
Package xcolor Info: Model `RGB' extended on input line 1365.
Package xcolor Info: Model `HTML' substituted by `rgb' on input line 1367.
Package xcolor Info: Model `Hsb' substituted by `hsb' on input line 1368.
Package xcolor Info: Model `tHsb' substituted by `hsb' on input line 1369.
Package xcolor Info: Model `HSB' substituted by `hsb' on input line 1370.
Package xcolor Info: Model `Gray' substituted by `gray' on input line 1371.
Package xcolor Info: Model `wave' substituted by `hsb' on input line 1372.
)
(/usr/share/texmf-dist/tex/generic/pgf/basiclayer/pgfcore.code.tex
Package: pgfcore 2023-01-15 v3.1.10 (3.1.10)

(/usr/share/texmf-dist/tex/generic/pgf/math/pgfint.code.tex)
(/usr/share/texmf-dist/tex/generic/pgf/basiclayer/pgfcorepoints.code.tex
File: pgfcorepoints.code.tex 2023-01-15 v3.1.10 (3.1.10)
\pgf@picminx=\dimen188
\pgf@picmaxx=\dimen189
\pgf@picminy=\dimen190
\pgf@picmaxy=\dimen191
\pgf@pathminx=\dimen192
\pgf@pathmaxx=\dimen193
\pgf@pathminy=\dimen194
\pgf@pathmaxy=\dimen195
\pgf@xx=\dimen196
\pgf@xy=\dimen197
\pgf@yx=\dimen198
\pgf@yy=\dimen199
\pgf@zx=\dimen256
\pgf@zy=\dimen257
)
(/usr/share/texmf-dist/tex/generic/pgf/basiclayer/pgfcorepathconstruct.code.tex
File: pgfcorepathconstruct.code.tex 2023-01-15 v3.1.10 (3.1.10)
\pgf@path@lastx=\dimen258
\pgf@path@lasty=\dimen259
) (/usr/share/texmf-dist/tex/generic/pgf/basiclayer/pgfcorepathusage.code.tex
File: pgfcorepathusage.code.tex 2023-01-15 v3.1.10 (3.1.10)
\pgf@shorten@end@additional=\dimen260
\pgf@shorten@start@additional=\dimen261
)
(/usr/share/texmf-dist/tex/generic/pgf/basiclayer/pgfcorescopes.code.tex
File: pgfcorescopes.code.tex 2023-01-15 v3.1.10 (3.1.10)
\pgfpic=\box63
\pgf@hbox=\box64
\pgf@layerbox@main=\box65
\pgf@picture@serial@count=\count304
)
(/usr/share/texmf-dist/tex/generic/pgf/basiclayer/pgfcoregraphicstate.code.tex
File: pgfcoregraphicstate.code.tex 2023-01-15 v3.1.10 (3.1.10)
\pgflinewidth=\dimen262
)
(/usr/share/texmf-dist/tex/generic/pgf/basiclayer/pgfcoretransformations.code.t
ex
File: pgfcoretransformations.code.tex 2023-01-15 v3.1.10 (3.1.10)
\pgf@pt@x=\dimen263
\pgf@pt@y=\dimen264
\pgf@pt@temp=\dimen265
) (/usr/share/texmf-dist/tex/generic/pgf/basiclayer/pgfcorequick.code.tex
File: pgfcorequick.code.tex 2023-01-15 v3.1.10 (3.1.10)
)
(/usr/share/texmf-dist/tex/generic/pgf/basiclayer/pgfcoreobjects.code.tex
File: pgfcoreobjects.code.tex 2023-01-15 v3.1.10 (3.1.10)
)
(/usr/share/texmf-dist/tex/generic/pgf/basiclayer/pgfcorepathprocessing.code.te
x
File: pgfcorepathprocessing.code.tex 2023-01-15 v3.1.10 (3.1.10)
) (/usr/share/texmf-dist/tex/generic/pgf/basiclayer/pgfcorearrows.code.tex
File: pgfcorearrows.code.tex 2023-01-15 v3.1.10 (3.1.10)
\pgfarrowsep=\dimen266
)
(/usr/share/texmf-dist/tex/generic/pgf/basiclayer/pgfcoreshade.code.tex
File: pgfcoreshade.code.tex 2023-01-15 v3.1.10 (3.1.10)
\pgf@max=\dimen267
\pgf@sys@shading@range@num=\count305
\pgf@shadingcount=\count306
)
(/usr/share/texmf-dist/tex/generic/pgf/basiclayer/pgfcoreimage.code.tex
File: pgfcoreimage.code.tex 2023-01-15 v3.1.10 (3.1.10)
)
(/usr/share/texmf-dist/tex/generic/pgf/basiclayer/pgfcoreexternal.code.tex
File: pgfcoreexternal.code.tex 2023-01-15 v3.1.10 (3.1.10)
\pgfexternal@startupbox=\box66
)
(/usr/share/texmf-dist/tex/generic/pgf/basiclayer/pgfcorelayers.code.tex
File: pgfcorelayers.code.tex 2023-01-15 v3.1.10 (3.1.10)
)
(/usr/share/texmf-dist/tex/generic/pgf/basiclayer/pgfcoretransparency.code.tex
File: pgfcoretransparency.code.tex 2023-01-15 v3.1.10 (3.1.10)
) (/usr/share/texmf-dist/tex/generic/pgf/basiclayer/pgfcorepatterns.code.tex
File: pgfcorepatterns.code.tex 2023-01-15 v3.1.10 (3.1.10)
)
(/usr/share/texmf-dist/tex/generic/pgf/basiclayer/pgfcorerdf.code.tex
File: pgfcorerdf.code.tex 2023-01-15 v3.1.10 (3.1.10)
)))
(/usr/share/texmf-dist/tex/latex/pgf/utilities/xxcolor.sty
Package: xxcolor 2003/10/24 ver 0.1
\XC@nummixins=\count307
\XC@countmixins=\count308
)
(/usr/share/texmf-dist/tex/latex/base/atbegshi-ltx.sty
Package: atbegshi-ltx 2021/01/10 v1.0c Emulation of the original atbegshi
package with kernel methods
)
(/usr/share/texmf-dist/tex/latex/hyperref/hyperref.sty
Package: hyperref 2024-11-05 v7.01l Hypertext links for LaTeX

(/usr/share/texmf-dist/tex/latex/kvsetkeys/kvsetkeys.sty
Package: kvsetkeys 2022-10-05 v1.19 Key value parser (HO)
)
(/usr/share/texmf-dist/tex/generic/kvdefinekeys/kvdefinekeys.sty
Package: kvdefinekeys 2019-12-19 v1.6 Define keys (HO)
)
(/usr/share/texmf-dist/tex/generic/pdfescape/pdfescape.sty
Package: pdfescape 2019/12/09 v1.15 Implements pdfTeX's escape features (HO)

(/usr/share/texmf-dist/tex/generic/ltxcmds/ltxcmds.sty
Package: ltxcmds 2023-12-04 v1.26 LaTeX kernel commands for general use (HO)
)
(/usr/share/texmf-dist/tex/generic/pdftexcmds/pdftexcmds.sty
Package: pdftexcmds 2020-06-27 v0.33 Utility functions of pdfTeX for LuaTeX (HO
)

(/usr/share/texmf-dist/tex/generic/infwarerr/infwarerr.sty
Package: infwarerr 2019/12/03 v1.5 Providing info/warning/error messages (HO)
)
Package pdftexcmds Info: \pdf@primitive is available.
Package pdftexcmds Info: \pdf@ifprimitive is available.
Package pdftexcmds Info: \pdfdraftmode found.
))
(/usr/share/texmf-dist/tex/latex/hycolor/hycolor.sty
Package: hycolor 2020-01-27 v1.10 Color options for hyperref/bookmark (HO)
)
(/usr/share/texmf-dist/tex/latex/hyperref/nameref.sty
Package: nameref 2023-11-26 v2.56 Cross-referencing by name of section

(/usr/share/texmf-dist/tex/latex/refcount/refcount.sty
Package: refcount 2019/12/15 v3.6 Data extraction from label references (HO)
)
(/usr/share/texmf-dist/tex/generic/gettitlestring/gettitlestring.sty
Package: gettitlestring 2019/12/15 v1.6 Cleanup title references (HO)

(/usr/share/texmf-dist/tex/latex/kvoptions/kvoptions.sty
Package: kvoptions 2022-06-15 v3.15 Key value format for package options (HO)
))
\c@section@level=\count309
)
(/usr/share/texmf-dist/tex/generic/stringenc/stringenc.sty
Package: stringenc 2019/11/29 v1.12 Convert strings between diff. encodings (HO
)
)
\@linkdim=\dimen268
\Hy@linkcounter=\count310
\Hy@pagecounter=\count311

(/usr/share/texmf-dist/tex/latex/hyperref/pd1enc.def
File: pd1enc.def 2024-11-05 v7.01l Hyperref: PDFDocEncoding definition (HO)
Now handling font encoding PD1 ...
... no UTF-8 mapping file for font encoding PD1
)
(/usr/share/texmf-dist/tex/generic/intcalc/intcalc.sty
Package: intcalc 2019/12/15 v1.3 Expandable calculations with integers (HO)
)
\Hy@SavedSpaceFactor=\count312

(/usr/share/texmf-dist/tex/latex/hyperref/puenc.def
File: puenc.def 2024-11-05 v7.01l Hyperref: PDF Unicode definition (HO)
Now handling font encoding PU ...
... no UTF-8 mapping file for font encoding PU
)
Package hyperref Info: Option `bookmarks' set `true' on input line 4040.
Package hyperref Info: Option `bookmarksopen' set `true' on input line 4040.
Package hyperref Info: Option `implicit' set `false' on input line 4040.
Package hyperref Info: Hyper figures OFF on input line 4157.
Package hyperref Info: Link nesting OFF on input line 4162.
Package hyperref Info: Hyper index ON on input line 4165.
Package hyperref Info: Plain pages OFF on input line 4172.
Package hyperref Info: Backreferencing OFF on input line 4177.
Package hyperref Info: Implicit mode OFF; no redefinition of LaTeX internals.
Package hyperref Info: Bookmarks ON on input line 4424.
\c@Hy@tempcnt=\count313

(/usr/share/texmf-dist/tex/latex/url/url.sty
\Urlmuskip=\muskip17
Package: url 2013/09/16  ver 3.4  Verb mode for urls, etc.
)
LaTeX Info: Redefining \url on input line 4763.
\XeTeXLinkMargin=\dimen269

(/usr/share/texmf-dist/tex/generic/bitset/bitset.sty
Package: bitset 2019/12/09 v1.3 Handle bit-vector datatype (HO)

(/usr/share/texmf-dist/tex/generic/bigintcalc/bigintcalc.sty
Package: bigintcalc 2019/12/15 v1.5 Expandable calculations on big integers (HO
)
))
\Fld@menulength=\count314
\Field@Width=\dimen270
\Fld@charsize=\dimen271
Package hyperref Info: Hyper figures OFF on input line 6042.
Package hyperref Info: Link nesting OFF on input line 6047.
Package hyperref Info: Hyper index ON on input line 6050.
Package hyperref Info: backreferencing OFF on input line 6057.
Package hyperref Info: Link coloring OFF on input line 6062.
Package hyperref Info: Link coloring with OCG OFF on input line 6067.
Package hyperref Info: PDF/A mode OFF on input line 6072.
\Hy@abspage=\count315


Package hyperref Message: Stopped early.

)
Package hyperref Info: Driver (autodetected): hpdftex.
 (/usr/share/texmf-dist/tex/latex/hyperref/hpdftex.def
File: hpdftex.def 2024-11-05 v7.01l Hyperref driver for pdfTeX

(/usr/share/texmf-dist/tex/latex/base/atveryend-ltx.sty
Package: atveryend-ltx 2020/08/19 v1.0a Emulation of the original atveryend pac
kage
with kernel methods
)
\Fld@listcount=\count316
\c@bookmark@seq@number=\count317

(/usr/share/texmf-dist/tex/latex/rerunfilecheck/rerunfilecheck.sty
Package: rerunfilecheck 2022-07-10 v1.10 Rerun checks for auxiliary files (HO)

(/usr/share/texmf-dist/tex/generic/uniquecounter/uniquecounter.sty
Package: uniquecounter 2019/12/15 v1.4 Provide unlimited unique counter (HO)
)
Package uniquecounter Info: New unique counter `rerunfilecheck' on input line 2
85.
))
(/usr/share/texmf-dist/tex/latex/beamer/beamerbaserequires.sty
(/usr/share/texmf-dist/tex/latex/beamer/beamerbasecompatibility.sty)
(/usr/share/texmf-dist/tex/latex/beamer/beamerbasefont.sty
(/usr/share/texmf-dist/tex/latex/amsfonts/amssymb.sty
Package: amssymb 2013/01/14 v3.01 AMS font symbols

(/usr/share/texmf-dist/tex/latex/amsfonts/amsfonts.sty
Package: amsfonts 2013/01/14 v3.01 Basic AMSFonts support
\@emptytoks=\toks29
\symAMSa=\mathgroup4
\symAMSb=\mathgroup5
LaTeX Font Info:    Redeclaring math symbol \hbar on input line 98.
LaTeX Font Info:    Overwriting math alphabet `\mathfrak' in version `bold'
(Font)                  U/euf/m/n --> U/euf/b/n on input line 106.
))
(/usr/share/texmf-dist/tex/latex/sansmathaccent/sansmathaccent.sty
Package: sansmathaccent 2020/01/31

(/usr/share/texmf-dist/tex/latex/koma-script/scrlfile.sty
Package: scrlfile 2024/10/24 v3.43 KOMA-Script package (file load hooks)

(/usr/share/texmf-dist/tex/latex/koma-script/scrlfile-hook.sty
Package: scrlfile-hook 2024/10/24 v3.43 KOMA-Script package (using LaTeX hooks)


(/usr/share/texmf-dist/tex/latex/koma-script/scrlogo.sty
Package: scrlogo 2024/10/24 v3.43 KOMA-Script package (logo)
)))))
(/usr/share/texmf-dist/tex/latex/beamer/beamerbasetranslator.sty
(/usr/share/texmf-dist/tex/latex/translator/translator.sty
Package: translator 2021-05-31 v1.12d Easy translation of strings in LaTeX
))
(/usr/share/texmf-dist/tex/latex/beamer/beamerbasemisc.sty)
(/usr/share/texmf-dist/tex/latex/beamer/beamerbasetwoscreens.sty)
(/usr/share/texmf-dist/tex/latex/beamer/beamerbaseoverlay.sty
\beamer@argscount=\count318
\beamer@lastskipcover=\skip52
\beamer@trivlistdepth=\count319
)
(/usr/share/texmf-dist/tex/latex/beamer/beamerbasetitle.sty)
(/usr/share/texmf-dist/tex/latex/beamer/beamerbasesection.sty
\c@lecture=\count320
\c@part=\count321
\c@section=\count322
\c@subsection=\count323
\c@subsubsection=\count324
)
(/usr/share/texmf-dist/tex/latex/beamer/beamerbaseframe.sty
\beamer@framebox=\box67
\beamer@frametitlebox=\box68
\beamer@zoombox=\box69
\beamer@zoomcount=\count325
\beamer@zoomframecount=\count326
\beamer@frametextheight=\dimen272
\c@subsectionslide=\count327
\beamer@frametopskip=\skip53
\beamer@framebottomskip=\skip54
\beamer@frametopskipautobreak=\skip55
\beamer@framebottomskipautobreak=\skip56
\beamer@envbody=\toks30
\framewidth=\dimen273
\c@framenumber=\count328
)
(/usr/share/texmf-dist/tex/latex/beamer/beamerbaseverbatim.sty
\beamer@verbatimfileout=\write4
)
(/usr/share/texmf-dist/tex/latex/beamer/beamerbaseframesize.sty
\beamer@splitbox=\box70
\beamer@autobreakcount=\count329
\beamer@autobreaklastheight=\dimen274
\beamer@frametitletoks=\toks31
\beamer@framesubtitletoks=\toks32
)
(/usr/share/texmf-dist/tex/latex/beamer/beamerbaseframecomponents.sty
\beamer@footins=\box71
)
(/usr/share/texmf-dist/tex/latex/beamer/beamerbasecolor.sty)
(/usr/share/texmf-dist/tex/latex/beamer/beamerbasenotes.sty
\beamer@frameboxcopy=\box72
)
(/usr/share/texmf-dist/tex/latex/beamer/beamerbasetoc.sty)
(/usr/share/texmf-dist/tex/latex/beamer/beamerbasetemplates.sty
\beamer@sbttoks=\toks33

(/usr/share/texmf-dist/tex/latex/beamer/beamerbaseauxtemplates.sty
(/usr/share/texmf-dist/tex/latex/beamer/beamerbaseboxes.sty
\bmb@box=\box73
\bmb@colorbox=\box74
\bmb@boxwidth=\dimen275
\bmb@boxheight=\dimen276
\bmb@prevheight=\dimen277
\bmb@temp=\dimen278
\bmb@dima=\dimen279
\bmb@dimb=\dimen280
\bmb@prevheight=\dimen281
)
\beamer@blockheadheight=\dimen282
))
(/usr/share/texmf-dist/tex/latex/beamer/beamerbaselocalstructure.sty
(/usr/share/texmf-dist/tex/latex/tools/enumerate.sty
Package: enumerate 2023/07/04 v3.00 enumerate extensions (DPC)
\@enLab=\toks34
)
\beamer@bibiconwidth=\skip57
\c@figure=\count330
\c@table=\count331
\abovecaptionskip=\skip58
\belowcaptionskip=\skip59
)
(/usr/share/texmf-dist/tex/latex/beamer/beamerbasenavigation.sty
(/usr/share/texmf-dist/tex/latex/beamer/beamerbasenavigationsymbols.tex)
\beamer@section@min@dim=\dimen283
)
(/usr/share/texmf-dist/tex/latex/beamer/beamerbasetheorems.sty
(/usr/share/texmf-dist/tex/latex/amsmath/amsmath.sty
Package: amsmath 2024/11/05 v2.17t AMS math features
\@mathmargin=\skip60

For additional information on amsmath, use the `?' option.
(/usr/share/texmf-dist/tex/latex/amsmath/amstext.sty
Package: amstext 2021/08/26 v2.01 AMS text

(/usr/share/texmf-dist/tex/latex/amsmath/amsgen.sty
File: amsgen.sty 1999/11/30 v2.0 generic functions
\@emptytoks=\toks35
\ex@=\dimen284
))
(/usr/share/texmf-dist/tex/latex/amsmath/amsbsy.sty
Package: amsbsy 1999/11/29 v1.2d Bold Symbols
\pmbraise@=\dimen285
)
(/usr/share/texmf-dist/tex/latex/amsmath/amsopn.sty
Package: amsopn 2022/04/08 v2.04 operator names
)
\inf@bad=\count332
LaTeX Info: Redefining \frac on input line 233.
\uproot@=\count333
\leftroot@=\count334
LaTeX Info: Redefining \overline on input line 398.
LaTeX Info: Redefining \colon on input line 409.
\classnum@=\count335
\DOTSCASE@=\count336
LaTeX Info: Redefining \ldots on input line 495.
LaTeX Info: Redefining \dots on input line 498.
LaTeX Info: Redefining \cdots on input line 619.
\Mathstrutbox@=\box75
\strutbox@=\box76
LaTeX Info: Redefining \big on input line 721.
LaTeX Info: Redefining \Big on input line 722.
LaTeX Info: Redefining \bigg on input line 723.
LaTeX Info: Redefining \Bigg on input line 724.
\big@size=\dimen286
LaTeX Font Info:    Redeclaring font encoding OML on input line 742.
LaTeX Font Info:    Redeclaring font encoding OMS on input line 743.
\macc@depth=\count337
LaTeX Info: Redefining \bmod on input line 904.
LaTeX Info: Redefining \pmod on input line 909.
LaTeX Info: Redefining \smash on input line 939.
LaTeX Info: Redefining \relbar on input line 969.
LaTeX Info: Redefining \Relbar on input line 970.
\c@MaxMatrixCols=\count338
\dotsspace@=\muskip18
\c@parentequation=\count339
\dspbrk@lvl=\count340
\tag@help=\toks36
\row@=\count341
\column@=\count342
\maxfields@=\count343
\andhelp@=\toks37
\eqnshift@=\dimen287
\alignsep@=\dimen288
\tagshift@=\dimen289
\tagwidth@=\dimen290
\totwidth@=\dimen291
\lineht@=\dimen292
\@envbody=\toks38
\multlinegap=\skip61
\multlinetaggap=\skip62
\mathdisplay@stack=\toks39
LaTeX Info: Redefining \[ on input line 2953.
LaTeX Info: Redefining \] on input line 2954.
)
(/usr/share/texmf-dist/tex/latex/amscls/amsthm.sty
Package: amsthm 2020/05/29 v2.20.6
\thm@style=\toks40
\thm@bodyfont=\toks41
\thm@headfont=\toks42
\thm@notefont=\toks43
\thm@headpunct=\toks44
\thm@preskip=\skip63
\thm@postskip=\skip64
\thm@headsep=\skip65
\dth@everypar=\toks45
)
\c@theorem=\count344
)
(/usr/share/texmf-dist/tex/latex/beamer/beamerbasethemes.sty))
(/usr/share/texmf-dist/tex/latex/beamer/beamerthemedefault.sty
(/usr/share/texmf-dist/tex/latex/beamer/beamerfontthemedefault.sty)
(/usr/share/texmf-dist/tex/latex/beamer/beamercolorthemedefault.sty)
(/usr/share/texmf-dist/tex/latex/beamer/beamerinnerthemedefault.sty
\beamer@dima=\dimen293
\beamer@dimb=\dimen294
)
(/usr/share/texmf-dist/tex/latex/beamer/beamerouterthemedefault.sty)))
(/usr/share/texmf-dist/tex/latex/beamer/beamerthemeMadrid.sty
(/usr/share/texmf-dist/tex/latex/beamer/beamercolorthemewhale.sty)
(/usr/share/texmf-dist/tex/latex/beamer/beamercolorthemeorchid.sty)
(/usr/share/texmf-dist/tex/latex/beamer/beamerinnerthemerounded.sty)
(/usr/share/texmf-dist/tex/latex/beamer/beamerouterthemeinfolines.sty))
(/usr/share/texmf-dist/tex/latex/base/fontenc.sty
Package: fontenc 2021/04/29 v2.0v Standard LaTeX package
)
(/usr/share/texmf-dist/tex/latex/lm/lmodern.sty
Package: lmodern 2015/05/01 v1.6.1 Latin Modern Fonts
LaTeX Font Info:    Overwriting symbol font `operators' in version `normal'
(Font)                  OT1/cmr/m/n --> OT1/lmr/m/n on input line 22.
LaTeX Font Info:    Overwriting symbol font `letters' in version `normal'
(Font)                  OML/cmm/m/it --> OML/lmm/m/it on input line 23.
LaTeX Font Info:    Overwriting symbol font `symbols' in version `normal'
(Font)                  OMS/cmsy/m/n --> OMS/lmsy/m/n on input line 24.
LaTeX Font Info:    Overwriting symbol font `largesymbols' in version `normal'
(Font)                  OMX/cmex/m/n --> OMX/lmex/m/n on input line 25.
LaTeX Font Info:    Overwriting symbol font `operators' in version `bold'
(Font)                  OT1/cmr/bx/n --> OT1/lmr/bx/n on input line 26.
LaTeX Font Info:    Overwriting symbol font `letters' in version `bold'
(Font)                  OML/cmm/b/it --> OML/lmm/b/it on input line 27.
LaTeX Font Info:    Overwriting symbol font `symbols' in version `bold'
(Font)                  OMS/cmsy/b/n --> OMS/lmsy/b/n on input line 28.
LaTeX Font Info:    Overwriting symbol font `largesymbols' in version `bold'
(Font)                  OMX/cmex/m/n --> OMX/lmex/m/n on input line 29.
LaTeX Font Info:    Overwriting math alphabet `\mathbf' in version `normal'
(Font)                  OT1/cmr/bx/n --> OT1/lmr/bx/n on input line 31.
LaTeX Font Info:    Overwriting math alphabet `\mathsf' in version `normal'
(Font)                  OT1/cmss/m/n --> OT1/lmss/m/n on input line 32.
LaTeX Font Info:    Overwriting math alphabet `\mathit' in version `normal'
(Font)                  OT1/cmr/m/it --> OT1/lmr/m/it on input line 33.
LaTeX Font Info:    Overwriting math alphabet `\mathtt' in version `normal'
(Font)                  OT1/cmtt/m/n --> OT1/lmtt/m/n on input line 34.
LaTeX Font Info:    Overwriting math alphabet `\mathbf' in version `bold'
(Font)                  OT1/cmr/bx/n --> OT1/lmr/bx/n on input line 35.
LaTeX Font Info:    Overwriting math alphabet `\mathsf' in version `bold'
(Font)                  OT1/cmss/bx/n --> OT1/lmss/bx/n on input line 36.
LaTeX Font Info:    Overwriting math alphabet `\mathit' in version `bold'
(Font)                  OT1/cmr/bx/it --> OT1/lmr/bx/it on input line 37.
LaTeX Font Info:    Overwriting math alphabet `\mathtt' in version `bold'
(Font)                  OT1/cmtt/m/n --> OT1/lmtt/m/n on input line 38.
)
(/usr/share/texmf-dist/tex/latex/psnfss/pifont.sty
Package: pifont 2020/03/25 PSNFSS-v9.3 Pi font support (SPQR) 
LaTeX Font Info:    Trying to load font information for U+pzd on input line 63.


(/usr/share/texmf-dist/tex/latex/psnfss/upzd.fd
File: upzd.fd 2001/06/04 font definitions for U/pzd.
)
LaTeX Font Info:    Trying to load font information for U+psy on input line 64.


(/usr/share/texmf-dist/tex/latex/psnfss/upsy.fd
File: upsy.fd 2001/06/04 font definitions for U/psy.
))
(/usr/share/texmf-dist/tex/latex/comment/comment.sty
\CommentStream=\write5

Excluding comment 'comment')
(/usr/share/texmf-dist/tex/latex/tools/multicol.sty
Package: multicol 2024/09/14 v1.9i multicolumn formatting (FMi)
\c@tracingmulticols=\count345
\mult@box=\box77
\multicol@leftmargin=\dimen295
\c@unbalance=\count346
\c@collectmore=\count347
\doublecol@number=\count348
\multicoltolerance=\count349
\multicolpretolerance=\count350
\full@width=\dimen296
\page@free=\dimen297
\premulticols=\dimen298
\postmulticols=\dimen299
\multicolsep=\skip66
\multicolbaselineskip=\skip67
\partial@page=\box78
\last@line=\box79
\mc@boxedresult=\box80
\maxbalancingoverflow=\dimen300
\mult@rightbox=\box81
\mult@grightbox=\box82
\mult@firstbox=\box83
\mult@gfirstbox=\box84
\@tempa=\box85
\@tempa=\box86
\@tempa=\box87
\@tempa=\box88
\@tempa=\box89
\@tempa=\box90
\@tempa=\box91
\@tempa=\box92
\@tempa=\box93
\@tempa=\box94
\@tempa=\box95
\@tempa=\box96
\@tempa=\box97
\@tempa=\box98
\@tempa=\box99
\@tempa=\box100
\@tempa=\box101
\@tempa=\box102
\@tempa=\box103
\@tempa=\box104
\@tempa=\box105
\@tempa=\box106
\@tempa=\box107
\@tempa=\box108
\@tempa=\box109
\@tempa=\box110
\@tempa=\box111
\@tempa=\box112
\@tempa=\box113
\@tempa=\box114
\@tempa=\box115
\@tempa=\box116
\@tempa=\box117
\@tempa=\box118
\@tempa=\box119
\@tempa=\box120
\c@minrows=\count351
\c@columnbadness=\count352
\c@finalcolumnbadness=\count353
\last@try=\dimen301
\multicolovershoot=\dimen302
\multicolundershoot=\dimen303
\mult@nat@firstbox=\box121
\colbreak@box=\box122
\mc@col@check@num=\count354
)
(/usr/share/texmf-dist/tex/latex/siunitx/siunitx.sty
Package: siunitx 2025-02-27 v3.4.6 A comprehensive (SI) units package
\l__siunitx_number_uncert_offset_int=\count355
\l__siunitx_number_exponent_fixed_int=\count356
\l__siunitx_number_min_decimal_int=\count357
\l__siunitx_number_min_integer_int=\count358
\l__siunitx_number_round_precision_int=\count359
\l__siunitx_number_lower_threshold_int=\count360
\l__siunitx_number_upper_threshold_int=\count361
\l__siunitx_number_group_first_int=\count362
\l__siunitx_number_group_size_int=\count363
\l__siunitx_number_group_minimum_int=\count364
\l__siunitx_angle_tmp_dim=\dimen304
\l__siunitx_angle_marker_box=\box123
\l__siunitx_angle_unit_box=\box124
\l__siunitx_compound_count_int=\count365

(/usr/share/texmf-dist/tex/latex/translations/translations.sty
Package: translations 2022/02/05 v1.12 internationalization of LaTeX2e packages
 (CN)
)
\l__siunitx_table_tmp_box=\box125
\l__siunitx_table_tmp_dim=\dimen305
\l__siunitx_table_column_width_dim=\dimen306
\l__siunitx_table_integer_box=\box126
\l__siunitx_table_decimal_box=\box127
\l__siunitx_table_uncert_box=\box128
\l__siunitx_table_before_box=\box129
\l__siunitx_table_after_box=\box130
\l__siunitx_table_before_dim=\dimen307
\l__siunitx_table_carry_dim=\dimen308
\l__siunitx_unit_tmp_int=\count366
\l__siunitx_unit_position_int=\count367
\l__siunitx_unit_total_int=\count368

(/usr/share/texmf-dist/tex/latex/tools/array.sty
Package: array 2024/10/17 v2.6g Tabular extension package (FMi)
\col@sep=\dimen309
\ar@mcellbox=\box131
\extrarowheight=\dimen310
\NC@list=\toks46
\extratabsurround=\skip68
\backup@length=\skip69
\ar@cellbox=\box132
))
(/usr/share/texmf-dist/tex/latex/fontawesome/fontawesome.sty
Package: fontawesome 2016/05/15 v4.6.3.1 font awesome icons

(/usr/share/texmf-dist/tex/generic/iftex/ifxetex.sty
Package: ifxetex 2019/10/25 v0.7 ifxetex legacy package. Use iftex instead.
)
(/usr/share/texmf-dist/tex/generic/iftex/ifluatex.sty
Package: ifluatex 2019/10/25 v1.5 ifluatex legacy package. Use iftex instead.
)
(/usr/share/texmf-dist/tex/latex/fontawesome/fontawesomesymbols-generic.tex)
(/usr/share/texmf-dist/tex/latex/fontawesome/fontawesomesymbols-pdftex.tex))
(/usr/share/texmf-dist/tex/latex/datetime/datetime.sty
Package: datetime 2015/03/20 v2.60 Date Time Package

(/usr/share/texmf-dist/tex/latex/fmtcount/fmtcount.sty
Package: fmtcount 2025/02/09 v3.10 Displaying the values of LaTeX counters (NT,
VB,NE)

(/usr/share/texmf-dist/tex/latex/base/ifthen.sty
Package: ifthen 2024/03/16 v1.1e Standard LaTeX ifthen package (DPC)
)
(/usr/share/texmf-dist/tex/latex/xkeyval/xkeyval.sty
Package: xkeyval 2022/06/16 v2.9 package option processing (HA)

(/usr/share/texmf-dist/tex/generic/xkeyval/xkeyval.tex
(/usr/share/texmf-dist/tex/generic/xkeyval/xkvutils.tex
\XKV@toks=\toks47
\XKV@tempa@toks=\toks48
)
\XKV@depth=\count369
File: xkeyval.tex 2014/12/03 v2.7a key=value parser (HA)
))
(/usr/share/texmf-dist/tex/latex/fmtcount/fcprefix.sty
Package: fcprefix 2012/09/28

(/usr/share/texmf-dist/tex/latex/fmtcount/fcnumparser.sty
Package: fcnumparser 2017/06/15
\fc@digit@counter=\count370
))
\c@padzeroesN=\count371
\fc@tmpcatcode=\count372
\@DT@modctr=\count373
\@ordinalctr=\count374
\@orgargctr=\count375
\@strctr=\count376
\@tmpstrctr=\count377
\@DT@loopN=\count378
\@DT@X=\count379
)
(/usr/share/texmf-dist/tex/latex/datetime/datetime-defaults.sty
Package: datetime-defaults 2013/09/10
)
\@day=\count380
\@month=\count381
\@year=\count382
\c@HOUR=\count383
\c@HOURXII=\count384
\c@MINUTE=\count385
\c@TOHOUR=\count386
\c@TOMINUTE=\count387
\c@SECOND=\count388
\currenthour=\count389
\currentminute=\count390
\currentsecond=\count391
Package datetime Info: No datetime.cfg file found, using default settings on in
put line 308.
\@dtctr=\count392
\dayofyear=\count393
\dayofweek=\count394
LaTeX Info: Redefining \today on input line 736.
\dt@a=\toks49
\dt@b=\toks50
)
(/usr/share/texmf-dist/tex/latex/pgf/frontendlayer/tikz.sty
(/usr/share/texmf-dist/tex/latex/pgf/basiclayer/pgf.sty
Package: pgf 2023-01-15 v3.1.10 (3.1.10)

(/usr/share/texmf-dist/tex/generic/pgf/modules/pgfmoduleshapes.code.tex
File: pgfmoduleshapes.code.tex 2023-01-15 v3.1.10 (3.1.10)
\pgfnodeparttextbox=\box133
)
(/usr/share/texmf-dist/tex/generic/pgf/modules/pgfmoduleplot.code.tex
File: pgfmoduleplot.code.tex 2023-01-15 v3.1.10 (3.1.10)
)
(/usr/share/texmf-dist/tex/latex/pgf/compatibility/pgfcomp-version-0-65.sty
Package: pgfcomp-version-0-65 2023-01-15 v3.1.10 (3.1.10)
\pgf@nodesepstart=\dimen311
\pgf@nodesepend=\dimen312
)
(/usr/share/texmf-dist/tex/latex/pgf/compatibility/pgfcomp-version-1-18.sty
Package: pgfcomp-version-1-18 2023-01-15 v3.1.10 (3.1.10)
))
(/usr/share/texmf-dist/tex/latex/pgf/utilities/pgffor.sty
(/usr/share/texmf-dist/tex/generic/pgf/utilities/pgffor.code.tex
Package: pgffor 2023-01-15 v3.1.10 (3.1.10)
\pgffor@iter=\dimen313
\pgffor@skip=\dimen314
\pgffor@stack=\toks51
\pgffor@toks=\toks52
))
(/usr/share/texmf-dist/tex/generic/pgf/frontendlayer/tikz/tikz.code.tex
Package: tikz 2023-01-15 v3.1.10 (3.1.10)

(/usr/share/texmf-dist/tex/generic/pgf/libraries/pgflibraryplothandlers.code.te
x
File: pgflibraryplothandlers.code.tex 2023-01-15 v3.1.10 (3.1.10)
\pgf@plot@mark@count=\count395
\pgfplotmarksize=\dimen315
)
\tikz@lastx=\dimen316
\tikz@lasty=\dimen317
\tikz@lastxsaved=\dimen318
\tikz@lastysaved=\dimen319
\tikz@lastmovetox=\dimen320
\tikz@lastmovetoy=\dimen321
\tikzleveldistance=\dimen322
\tikzsiblingdistance=\dimen323
\tikz@figbox=\box134
\tikz@figbox@bg=\box135
\tikz@tempbox=\box136
\tikz@tempbox@bg=\box137
\tikztreelevel=\count396
\tikznumberofchildren=\count397
\tikznumberofcurrentchild=\count398
\tikz@fig@count=\count399
 (/usr/share/texmf-dist/tex/generic/pgf/modules/pgfmodulematrix.code.tex
File: pgfmodulematrix.code.tex 2023-01-15 v3.1.10 (3.1.10)
\pgfmatrixcurrentrow=\count400
\pgfmatrixcurrentcolumn=\count401
\pgf@matrix@numberofcolumns=\count402
)
\tikz@expandcount=\count403

(/usr/share/texmf-dist/tex/generic/pgf/frontendlayer/tikz/libraries/tikzlibrary
topaths.code.tex
File: tikzlibrarytopaths.code.tex 2023-01-15 v3.1.10 (3.1.10)
))) (/usr/share/texmf-dist/tex/latex/circuitikz/circuitikz.sty
Package: circuitikz 2025/01/10{} The CircuiTikz circuit drawing package version
 1.7.1

(/usr/share/texmf-dist/tex/generic/pgf/frontendlayer/tikz/libraries/tikzlibrary
calc.code.tex
File: tikzlibrarycalc.code.tex 2023-01-15 v3.1.10 (3.1.10)
)
(/usr/share/texmf-dist/tex/generic/pgf/libraries/pgflibraryarrows.meta.code.tex
File: pgflibraryarrows.meta.code.tex 2023-01-15 v3.1.10 (3.1.10)
\pgfarrowinset=\dimen324
\pgfarrowlength=\dimen325
\pgfarrowwidth=\dimen326
\pgfarrowlinewidth=\dimen327
)
(/usr/share/texmf-dist/tex/generic/pgf/frontendlayer/tikz/libraries/tikzlibrary
bending.code.tex
File: tikzlibrarybending.code.tex 2023-01-15 v3.1.10 (3.1.10)

(/usr/share/texmf-dist/tex/generic/pgf/modules/pgfmodulebending.code.tex
File: pgfmodulebending.code.tex 2023-01-15 v3.1.10 (3.1.10)

(/usr/share/texmf-dist/tex/generic/pgf/modules/pgfmodulenonlineartransformation
s.code.tex
File: pgfmodulenonlineartransformations.code.tex 2023-01-15 v3.1.10 (3.1.10)
\pgftransformnonlinearflatness=\dimen328
)
(/usr/share/texmf-dist/tex/generic/pgf/libraries/pgflibrarycurvilinear.code.tex
File: pgflibrarycurvilinear.code.tex 2023-01-15 v3.1.10 (3.1.10)
\pgf@curvilinear@time@a=\dimen329
\pgf@curvilinear@length@a=\dimen330
\pgf@curvilinear@length@b=\dimen331
\pgf@curvilinear@length@c=\dimen332
\pgf@curvilinear@length@d=\dimen333
)
\pgf@arrows@the@rigidity=\dimen334
))
(/usr/share/texmf-dist/tex/generic/pgf/frontendlayer/tikz/libraries/tikzlibrary
fpu.code.tex
(/usr/share/texmf-dist/tex/generic/pgf/libraries/pgflibraryfpu.code.tex))
(/usr/share/texmf-dist/tex/generic/circuitikz/pgfcirc.defines.tex
\pgf@circ@count@a=\count404
\pgf@circ@count@b=\count405
\pgf@circ@count@c=\count406
\pgf@circ@res@up=\dimen335
\pgf@circ@res@down=\dimen336
\pgf@circ@res@zero=\dimen337
\pgf@circ@res@left=\dimen338
\pgf@circ@res@right=\dimen339
\pgf@circ@res@other=\dimen340
\pgf@circ@res@step=\dimen341
\pgf@circ@res@temp=\dimen342
\pgf@circ@Rlen=\dimen343
\pgf@circ@scaled@Rlen=\dimen344
\pgfstartlinewidth=\dimen345
)
(/usr/share/texmf-dist/tex/generic/circuitikz/pgfcircutils.tex
\ctikz@scratchbox=\box138
)
(/usr/share/texmf-dist/tex/generic/circuitikz/pgfcircpath.tex)
(/usr/share/texmf-dist/tex/generic/circuitikz/pgfcircshapes.tex)
(/usr/share/texmf-dist/tex/generic/circuitikz/pgfcircmonopoles.tex)
(/usr/share/texmf-dist/tex/generic/circuitikz/pgfcircbipoles.tex)
(/usr/share/texmf-dist/tex/generic/circuitikz/pgfcirctripoles.tex
\pgf@circ@res@count=\count407
)
(/usr/share/texmf-dist/tex/generic/circuitikz/pgfcircquadpoles.tex)
(/usr/share/texmf-dist/tex/generic/circuitikz/pgfcircmultipoles.tex)
(/usr/share/texmf-dist/tex/generic/circuitikz/pgfcirclabel.tex)
(/usr/share/texmf-dist/tex/generic/circuitikz/pgfcircvoltage.tex
\pgfcirc@labelshift=\dimen346
)
(/usr/share/texmf-dist/tex/generic/circuitikz/pgfcirccurrent.tex)
(/usr/share/texmf-dist/tex/generic/circuitikz/pgfcircflow.tex))
(/usr/share/texmf-dist/tex/latex/pgfplots/pgfplots.sty
(/usr/share/texmf-dist/tex/generic/pgfplots/pgfplots.revision.tex)
Package: pgfplots 2021/05/15 v1.18.1 Data Visualization (1.18.1)

(/usr/share/texmf-dist/tex/generic/pgfplots/pgfplots.code.tex
(/usr/share/texmf-dist/tex/generic/pgfplots/pgfplotscore.code.tex
\t@pgfplots@toka=\toks53
\t@pgfplots@tokb=\toks54
\t@pgfplots@tokc=\toks55
\pgfplots@tmpa=\dimen347
\c@pgfplots@coordindex=\count408
\c@pgfplots@scanlineindex=\count409

(/usr/share/texmf-dist/tex/generic/pgfplots/sys/pgfplotssysgeneric.code.tex))
(/usr/share/texmf-dist/tex/generic/pgfplots/libs/pgfplotslibrary.code.tex)
(/usr/share/texmf-dist/tex/generic/pgfplots/oldpgfcompatib/pgfplotsoldpgfsupp_l
oader.code.tex
Package pgfplots: loading complementary utilities for your pgf version...
\t@pgf@toka=\toks56
\t@pgf@tokb=\toks57
\t@pgf@tokc=\toks58

(/usr/share/texmf-dist/tex/generic/pgfplots/oldpgfcompatib/pgfplotsoldpgfsupp_p
gfutil-common-lists.tex))
(/usr/share/texmf-dist/tex/generic/pgfplots/util/pgfplotsutil.code.tex
(/usr/share/texmf-dist/tex/generic/pgfplots/liststructure/pgfplotsliststructure
.code.tex)
(/usr/share/texmf-dist/tex/generic/pgfplots/liststructure/pgfplotsliststructure
ext.code.tex)
(/usr/share/texmf-dist/tex/generic/pgfplots/liststructure/pgfplotsarray.code.te
x
\c@pgfplotsarray@tmp=\count410
)
(/usr/share/texmf-dist/tex/generic/pgfplots/liststructure/pgfplotsmatrix.code.t
ex)
(/usr/share/texmf-dist/tex/generic/pgfplots/numtable/pgfplotstableshared.code.t
ex
\c@pgfplotstable@counta=\count411
\t@pgfplotstable@a=\toks59
)
(/usr/share/texmf-dist/tex/generic/pgfplots/liststructure/pgfplotsdeque.code.te
x) (/usr/share/texmf-dist/tex/generic/pgfplots/util/pgfplotsbinary.code.tex
(/usr/share/texmf-dist/tex/generic/pgfplots/util/pgfplotsbinary.data.code.tex))
(/usr/share/texmf-dist/tex/generic/pgfplots/util/pgfplotsutil.verb.code.tex)
(/usr/share/texmf-dist/tex/generic/pgfplots/libs/pgflibrarypgfplots.surfshading
.code.tex
\c@pgfplotslibrarysurf@no=\count412

(/usr/share/texmf-dist/tex/generic/pgfplots/sys/pgflibrarypgfplots.surfshading.
pgfsys-pdftex.def)))
(/usr/share/texmf-dist/tex/generic/pgfplots/util/pgfplotscolormap.code.tex
(/usr/share/texmf-dist/tex/generic/pgfplots/util/pgfplotscolor.code.tex))
(/usr/share/texmf-dist/tex/generic/pgfplots/pgfplotsstackedplots.code.tex)
(/usr/share/texmf-dist/tex/generic/pgfplots/pgfplotsplothandlers.code.tex
(/usr/share/texmf-dist/tex/generic/pgfplots/pgfplotsmeshplothandler.code.tex
(/usr/share/texmf-dist/tex/generic/pgfplots/pgfplotsmeshplotimage.code.tex)))
(/usr/share/texmf-dist/tex/generic/pgfplots/pgfplots.scaling.code.tex)
(/usr/share/texmf-dist/tex/generic/pgfplots/pgfplotscoordprocessing.code.tex)
(/usr/share/texmf-dist/tex/generic/pgfplots/pgfplots.errorbars.code.tex)
(/usr/share/texmf-dist/tex/generic/pgfplots/pgfplots.markers.code.tex)
(/usr/share/texmf-dist/tex/generic/pgfplots/pgfplotsticks.code.tex)
(/usr/share/texmf-dist/tex/generic/pgfplots/pgfplots.paths.code.tex)
(/usr/share/texmf-dist/tex/generic/pgf/frontendlayer/tikz/libraries/tikzlibrary
decorations.code.tex
(/usr/share/texmf-dist/tex/generic/pgf/modules/pgfmoduledecorations.code.tex
\pgfdecoratedcompleteddistance=\dimen348
\pgfdecoratedremainingdistance=\dimen349
\pgfdecoratedinputsegmentcompleteddistance=\dimen350
\pgfdecoratedinputsegmentremainingdistance=\dimen351
\pgf@decorate@distancetomove=\dimen352
\pgf@decorate@repeatstate=\count413
\pgfdecorationsegmentamplitude=\dimen353
\pgfdecorationsegmentlength=\dimen354
)
\tikz@lib@dec@box=\box139
)
(/usr/share/texmf-dist/tex/generic/pgf/frontendlayer/tikz/libraries/tikzlibrary
decorations.pathmorphing.code.tex
(/usr/share/texmf-dist/tex/generic/pgf/libraries/decorations/pgflibrarydecorati
ons.pathmorphing.code.tex))
(/usr/share/texmf-dist/tex/generic/pgf/frontendlayer/tikz/libraries/tikzlibrary
decorations.pathreplacing.code.tex
(/usr/share/texmf-dist/tex/generic/pgf/libraries/decorations/pgflibrarydecorati
ons.pathreplacing.code.tex))
(/usr/share/texmf-dist/tex/generic/pgfplots/libs/tikzlibrarypgfplots.contourlua
.code.tex)
\pgfplots@numplots=\count414
\pgfplots@xmin@reg=\dimen355
\pgfplots@xmax@reg=\dimen356
\pgfplots@ymin@reg=\dimen357
\pgfplots@ymax@reg=\dimen358
\pgfplots@zmin@reg=\dimen359
\pgfplots@zmax@reg=\dimen360
)
(/usr/share/texmf-dist/tex/generic/pgf/frontendlayer/tikz/libraries/tikzlibrary
plotmarks.code.tex
File: tikzlibraryplotmarks.code.tex 2023-01-15 v3.1.10 (3.1.10)

(/usr/share/texmf-dist/tex/generic/pgf/libraries/pgflibraryplotmarks.code.tex
File: pgflibraryplotmarks.code.tex 2023-01-15 v3.1.10 (3.1.10)
))) (/usr/share/texmf-dist/tex/latex/mathtools/mathtools.sty
Package: mathtools 2024/10/04 v1.31 mathematical typesetting tools

(/usr/share/texmf-dist/tex/latex/tools/calc.sty
Package: calc 2023/07/08 v4.3 Infix arithmetic (KKT,FJ)
\calc@Acount=\count415
\calc@Bcount=\count416
\calc@Adimen=\dimen361
\calc@Bdimen=\dimen362
\calc@Askip=\skip70
\calc@Bskip=\skip71
LaTeX Info: Redefining \setlength on input line 80.
LaTeX Info: Redefining \addtolength on input line 81.
\calc@Ccount=\count417
\calc@Cskip=\skip72
)
(/usr/share/texmf-dist/tex/latex/mathtools/mhsetup.sty
Package: mhsetup 2021/03/18 v1.4 programming setup (MH)
)
\g_MT_multlinerow_int=\count418
\l_MT_multwidth_dim=\dimen363
\origjot=\skip73
\l_MT_shortvdotswithinadjustabove_dim=\dimen364
\l_MT_shortvdotswithinadjustbelow_dim=\dimen365
\l_MT_above_intertext_sep=\dimen366
\l_MT_below_intertext_sep=\dimen367
\l_MT_above_shortintertext_sep=\dimen368
\l_MT_below_shortintertext_sep=\dimen369
\xmathstrut@box=\box140
\xmathstrut@dim=\dimen370
)
(/usr/share/texmf-dist/tex/latex/adjustbox/adjustbox.sty
Package: adjustbox 2025/02/26 v1.3c Adjusting TeX boxes (trim, clip, ...)

(/usr/share/texmf-dist/tex/latex/adjustbox/adjcalc.sty
Package: adjcalc 2012/05/16 v1.1 Provides advanced setlength with multiple back
-ends (calc, etex, pgfmath)
)
(/usr/share/texmf-dist/tex/latex/adjustbox/trimclip.sty
Package: trimclip 2025/02/21 v1.2a Trim and clip general TeX material

(/usr/share/texmf-dist/tex/latex/collectbox/collectbox.sty
Package: collectbox 2022/10/17 v0.4c Collect macro arguments as boxes
\collectedbox=\box141
)
\tc@llx=\dimen371
\tc@lly=\dimen372
\tc@urx=\dimen373
\tc@ury=\dimen374
Package trimclip Info: Using driver 'tc-pdftex.def'.

(/usr/share/texmf-dist/tex/latex/adjustbox/tc-pdftex.def
File: tc-pdftex.def 2025/02/26 v2.3 Clipping driver for pdftex
))
\adjbox@Width=\dimen375
\adjbox@Height=\dimen376
\adjbox@Depth=\dimen377
\adjbox@Totalheight=\dimen378
\adjbox@pwidth=\dimen379
\adjbox@pheight=\dimen380
\adjbox@pdepth=\dimen381
\adjbox@ptotalheight=\dimen382

(/usr/share/texmf-dist/tex/latex/ifoddpage/ifoddpage.sty
Package: ifoddpage 2022/10/18 v1.2 Conditionals for odd/even page detection
\c@checkoddpage=\count419
)
(/usr/share/texmf-dist/tex/latex/varwidth/varwidth.sty
Package: varwidth 2009/03/30 ver 0.92;  Variable-width minipages
\@vwid@box=\box142
\sift@deathcycles=\count420
\@vwid@loff=\dimen383
\@vwid@roff=\dimen384
))
(/usr/share/texmf-dist/tex/latex/animate/animate.sty
Package: animate 2024/10/14 PDF & SVG animations from files and inline graphics


(/usr/share/texmf-dist/tex/latex/oberdiek/ifdraft.sty
Package: ifdraft 2016/05/16 v1.4 Detect class options draft and final (HO)
)
(/usr/share/texmf-dist/tex/latex/media9/pdfbase.sty
Package: pdfbase 2024/09/16 v0.59 driver independent access to low-level PDF fe
atures

(/usr/share/texmf-dist/tex/latex/l3backend/l3backend-pdftex.def
File: l3backend-pdftex.def 2024-05-08 L3 backend support: PDF output (pdfTeX)
\l__color_backend_stack_int=\count421
\l__pdf_internal_box=\box143
)
\g_pbs_page_int=\count422
\g_pbs_oc_int=\count423
)
(/usr/share/texmf-dist/tex/latex/zref/zref-abspage.sty
Package: zref-abspage 2023-09-14 v2.35 Module abspage for zref (HO)

(/usr/share/texmf-dist/tex/latex/zref/zref-base.sty
Package: zref-base 2023-09-14 v2.35 Module base for zref (HO)

(/usr/share/texmf-dist/tex/generic/etexcmds/etexcmds.sty
Package: etexcmds 2019/12/15 v1.7 Avoid name clashes with e-TeX commands (HO)
)
(/usr/share/texmf-dist/tex/latex/auxhook/auxhook.sty
Package: auxhook 2019-12-17 v1.6 Hooks for auxiliary files (HO)
)
Package zref Info: New property list: main on input line 767.
Package zref Info: New property: default on input line 768.
Package zref Info: New property: page on input line 769.
)
\c@abspage=\count424
Package zref Info: New property: abspage on input line 67.
)
(/usr/share/texmf-dist/tex/latex/ocgx2/ocgbase.sty
Package: ocgbase 2024/09/15 v0.24 support package for ocgx2.sty
)
\@anim@box=\box144
\@anim@measbox=\box145
\@anim@tmpdima=\dimen385
\@anim@tmpdimb=\dimen386
\@anim@num=\count425
\@anim@curframe=\count426
\@anim@curframe@zb=\count427
\@anim@resizeflags=\count428
\@anim@skipfram=\count429
\@anim@mulframecnt=\count430
\@anim@@tmlnfile=\read3
\@anim@tmpcnt=\count431
\c@@anim@ltxcnt=\count432
\@anim@curlayer=\count433
\@anim@lineno=\count434
\@anim@curfield=\count435
\@anim@@resizeflags=\count436
)
(/usr/share/texmf-dist/tex/latex/biblatex/biblatex.sty
Package: biblatex 2024/03/21 v3.20 programmable bibliographies (PK/MW)

(/usr/share/texmf-dist/tex/latex/logreq/logreq.sty
Package: logreq 2010/08/04 v1.0 xml request logger
\lrq@indent=\count437

(/usr/share/texmf-dist/tex/latex/logreq/logreq.def
File: logreq.def 2010/08/04 v1.0 logreq spec v1.0
))
\c@tabx@nest=\count438
\c@listtotal=\count439
\c@listcount=\count440
\c@liststart=\count441
\c@liststop=\count442
\c@citecount=\count443
\c@citetotal=\count444
\c@multicitecount=\count445
\c@multicitetotal=\count446
\c@instcount=\count447
\c@maxnames=\count448
\c@minnames=\count449
\c@maxitems=\count450
\c@minitems=\count451
\c@citecounter=\count452
\c@maxcitecounter=\count453
\c@savedcitecounter=\count454
\c@uniquelist=\count455
\c@uniquename=\count456
\c@refsection=\count457
\c@refsegment=\count458
\c@maxextratitle=\count459
\c@maxextratitleyear=\count460
\c@maxextraname=\count461
\c@maxextradate=\count462
\c@maxextraalpha=\count463
\c@abbrvpenalty=\count464
\c@highnamepenalty=\count465
\c@lownamepenalty=\count466
\c@maxparens=\count467
\c@parenlevel=\count468
\blx@tempcnta=\count469
\blx@tempcntb=\count470
\blx@tempcntc=\count471
\c@blx@maxsection=\count472
\blx@maxsegment@0=\count473
\blx@notetype=\count474
\blx@parenlevel@text=\count475
\blx@parenlevel@foot=\count476
\blx@sectionciteorder@0=\count477
\blx@sectionciteorderinternal@0=\count478
\blx@entrysetcounter=\count479
\blx@biblioinstance=\count480
\labelnumberwidth=\skip74
\labelalphawidth=\skip75
\biblabelsep=\skip76
\bibitemsep=\skip77
\bibnamesep=\skip78
\bibinitsep=\skip79
\bibparsep=\skip80
\bibhang=\skip81
\blx@bcfin=\read4
\blx@bcfout=\write6
\blx@langwohyphens=\language90
\c@mincomprange=\count481
\c@maxcomprange=\count482
\c@mincompwidth=\count483
Package biblatex Info: Trying to load biblatex default data model...
Package biblatex Info: ... file 'blx-dm.def' found.

(/usr/share/texmf-dist/tex/latex/biblatex/blx-dm.def
File: blx-dm.def 2024/03/21 v3.20 biblatex datamodel (PK/MW)
)
Package biblatex Info: Trying to load biblatex style data model...
Package biblatex Info: ... file 'numeric.dbx' not found.
Package biblatex Info: Trying to load biblatex custom data model...
Package biblatex Info: ... file 'biblatex-dm.cfg' not found.
\c@afterword=\count484
\c@savedafterword=\count485
\c@annotator=\count486
\c@savedannotator=\count487
\c@author=\count488
\c@savedauthor=\count489
\c@bookauthor=\count490
\c@savedbookauthor=\count491
\c@commentator=\count492
\c@savedcommentator=\count493
\c@editor=\count494
\c@savededitor=\count495
\c@editora=\count496
\c@savededitora=\count497
\c@editorb=\count498
\c@savededitorb=\count499
\c@editorc=\count500
\c@savededitorc=\count501
\c@foreword=\count502
\c@savedforeword=\count503
\c@holder=\count504
\c@savedholder=\count505
\c@introduction=\count506
\c@savedintroduction=\count507
\c@namea=\count508
\c@savednamea=\count509
\c@nameb=\count510
\c@savednameb=\count511
\c@namec=\count512
\c@savednamec=\count513
\c@translator=\count514
\c@savedtranslator=\count515
\c@shortauthor=\count516
\c@savedshortauthor=\count517
\c@shorteditor=\count518
\c@savedshorteditor=\count519
\c@labelname=\count520
\c@savedlabelname=\count521
\c@institution=\count522
\c@savedinstitution=\count523
\c@lista=\count524
\c@savedlista=\count525
\c@listb=\count526
\c@savedlistb=\count527
\c@listc=\count528
\c@savedlistc=\count529
\c@listd=\count530
\c@savedlistd=\count531
\c@liste=\count532
\c@savedliste=\count533
\c@listf=\count534
\c@savedlistf=\count535
\c@location=\count536
\c@savedlocation=\count537
\c@organization=\count538
\c@savedorganization=\count539
\c@origlocation=\count540
\c@savedoriglocation=\count541
\c@origpublisher=\count542
\c@savedorigpublisher=\count543
\c@publisher=\count544
\c@savedpublisher=\count545
\c@language=\count546
\c@savedlanguage=\count547
\c@origlanguage=\count548
\c@savedoriglanguage=\count549
\c@pageref=\count550
\c@savedpageref=\count551
\shorthandwidth=\skip82
\shortjournalwidth=\skip83
\shortserieswidth=\skip84
\shorttitlewidth=\skip85
\shortauthorwidth=\skip86
\shorteditorwidth=\skip87
\locallabelnumberwidth=\skip88
\locallabelalphawidth=\skip89
\localshorthandwidth=\skip90
\localshortjournalwidth=\skip91
\localshortserieswidth=\skip92
\localshorttitlewidth=\skip93
\localshortauthorwidth=\skip94
\localshorteditorwidth=\skip95
Package biblatex Info: Trying to load compatibility code...
Package biblatex Info: ... file 'blx-compat.def' found.

(/usr/share/texmf-dist/tex/latex/biblatex/blx-compat.def
File: blx-compat.def 2024/03/21 v3.20 biblatex compatibility (PK/MW)
)
Package biblatex Info: Trying to load generic definitions...
Package biblatex Info: ... file 'biblatex.def' found.

(/usr/share/texmf-dist/tex/latex/biblatex/biblatex.def
File: biblatex.def 2024/03/21 v3.20 biblatex compatibility (PK/MW)
\c@textcitecount=\count552
\c@textcitetotal=\count553
\c@textcitemaxnames=\count554
\c@biburlbigbreakpenalty=\count555
\c@biburlbreakpenalty=\count556
\c@biburlnumpenalty=\count557
\c@biburlucpenalty=\count558
\c@biburllcpenalty=\count559
\biburlbigskip=\muskip19
\biburlnumskip=\muskip20
\biburlucskip=\muskip21
\biburllcskip=\muskip22
\c@smartand=\count560
)
Package biblatex Info: Trying to load bibliography style 'numeric'...
Package biblatex Info: ... file 'numeric.bbx' found.

(/usr/share/texmf-dist/tex/latex/biblatex/bbx/numeric.bbx
File: numeric.bbx 2024/03/21 v3.20 biblatex bibliography style (PK/MW)
Package biblatex Info: Trying to load bibliography style 'standard'...
Package biblatex Info: ... file 'standard.bbx' found.

(/usr/share/texmf-dist/tex/latex/biblatex/bbx/standard.bbx
File: standard.bbx 2024/03/21 v3.20 biblatex bibliography style (PK/MW)
\c@bbx:relatedcount=\count561
\c@bbx:relatedtotal=\count562
))
Package biblatex Info: Trying to load citation style 'numeric'...
Package biblatex Info: ... file 'numeric.cbx' found.

(/usr/share/texmf-dist/tex/latex/biblatex/cbx/numeric.cbx
File: numeric.cbx 2024/03/21 v3.20 biblatex citation style (PK/MW)
Package biblatex Info: Redefining '\cite'.
Package biblatex Info: Redefining '\parencite'.
Package biblatex Info: Redefining '\footcite'.
Package biblatex Info: Redefining '\footcitetext'.
Package biblatex Info: Redefining '\smartcite'.
Package biblatex Info: Redefining '\supercite'.
Package biblatex Info: Redefining '\textcite'.
Package biblatex Info: Redefining '\textcites'.
Package biblatex Info: Redefining '\cites'.
Package biblatex Info: Redefining '\parencites'.
Package biblatex Info: Redefining '\smartcites'.
)
Package biblatex Info: Trying to load configuration file...
Package biblatex Info: ... file 'biblatex.cfg' found.

(/usr/share/texmf-dist/tex/latex/biblatex/biblatex.cfg
File: biblatex.cfg 
)
Package biblatex Info: Input encoding 'utf8' detected.
Package biblatex Info: Document encoding is UTF8 ....

(/usr/share/texmf-dist/tex/latex/l3kernel/expl3.sty
Package: expl3 2025-01-18 L3 programming layer (loader) 
)
Package biblatex Info: ... and expl3
(biblatex)             2025-01-18 L3 programming layer (loader) 
(biblatex)             is new enough (at least 2020/04/06),
(biblatex)             setting 'casechanger=expl3'.

(/usr/share/texmf-dist/tex/latex/biblatex/blx-case-expl3.sty
(/usr/share/texmf-dist/tex/latex/l3packages/xparse/xparse.sty
Package: xparse 2024-08-16 L3 Experimental document command parser
)
Package: blx-case-expl3 2024/03/21 v3.20 expl3 case changing code for biblatex
))
Package hyperref Info: Option `colorlinks' set `true' on input line 41.
Package translations Info: No language package found. I am going to use `englis
h' as default language. on input line 130.
\@quotelevel=\count563
\@quotereset=\count564
LaTeX Font Info:    Trying to load font information for T1+lmss on input line 1
30.

(/usr/share/texmf-dist/tex/latex/lm/t1lmss.fd
File: t1lmss.fd 2015/05/01 v1.6.1 Font defs for Latin Modern
) (./main.aux)
\openout1 = `main.aux'.

LaTeX Font Info:    Checking defaults for OML/cmm/m/it on input line 130.
LaTeX Font Info:    ... okay on input line 130.
LaTeX Font Info:    Checking defaults for OMS/cmsy/m/n on input line 130.
LaTeX Font Info:    ... okay on input line 130.
LaTeX Font Info:    Checking defaults for OT1/cmr/m/n on input line 130.
LaTeX Font Info:    ... okay on input line 130.
LaTeX Font Info:    Checking defaults for T1/cmr/m/n on input line 130.
LaTeX Font Info:    ... okay on input line 130.
LaTeX Font Info:    Checking defaults for TS1/cmr/m/n on input line 130.
LaTeX Font Info:    ... okay on input line 130.
LaTeX Font Info:    Checking defaults for OMX/cmex/m/n on input line 130.
LaTeX Font Info:    ... okay on input line 130.
LaTeX Font Info:    Checking defaults for U/cmr/m/n on input line 130.
LaTeX Font Info:    ... okay on input line 130.
LaTeX Font Info:    Checking defaults for PD1/pdf/m/n on input line 130.
LaTeX Font Info:    ... okay on input line 130.
LaTeX Font Info:    Checking defaults for PU/pdf/m/n on input line 130.
LaTeX Font Info:    ... okay on input line 130.

*geometry* driver: auto-detecting
*geometry* detected driver: pdftex
*geometry* verbose mode - [ preamble ] result:
* driver: pdftex
* paper: custom
* layout: <same size as paper>
* layoutoffset:(h,v)=(0.0pt,0.0pt)
* modes: includehead includefoot 
* h-part:(L,W,R)=(10.95003pt, 342.2953pt, 10.95003pt)
* v-part:(T,H,B)=(0.0pt, 273.14662pt, 0.0pt)
* \paperwidth=364.19536pt
* \paperheight=273.14662pt
* \textwidth=342.2953pt
* \textheight=244.6939pt
* \oddsidemargin=-61.31996pt
* \evensidemargin=-61.31996pt
* \topmargin=-72.26999pt
* \headheight=14.22636pt
* \headsep=0.0pt
* \topskip=11.0pt
* \footskip=14.22636pt
* \marginparwidth=4.0pt
* \marginparsep=10.0pt
* \columnsep=10.0pt
* \skip\footins=10.0pt plus 4.0pt minus 2.0pt
* \hoffset=0.0pt
* \voffset=0.0pt
* \mag=1000
* \@twocolumnfalse
* \@twosidefalse
* \@mparswitchfalse
* \@reversemarginfalse
* (1in=72.27pt=25.4mm, 1cm=28.453pt)

(/usr/share/texmf-dist/tex/context/base/mkii/supp-pdf.mkii
[Loading MPS to PDF converter (version 2006.09.02).]
\scratchcounter=\count565
\scratchdimen=\dimen387
\scratchbox=\box146
\nofMPsegments=\count566
\nofMParguments=\count567
\everyMPshowfont=\toks60
\MPscratchCnt=\count568
\MPscratchDim=\dimen388
\MPnumerator=\count569
\makeMPintoPDFobject=\count570
\everyMPtoPDFconversion=\toks61
) (/usr/share/texmf-dist/tex/latex/epstopdf-pkg/epstopdf-base.sty
Package: epstopdf-base 2020-01-24 v2.11 Base part for package epstopdf
Package epstopdf-base Info: Redefining graphics rule for `.eps' on input line 4
85.

(/usr/share/texmf-dist/tex/latex/latexconfig/epstopdf-sys.cfg
File: epstopdf-sys.cfg 2010/07/13 v1.3 Configuration of (r)epstopdf for TeX Liv
e
))
Package hyperref Info: Link coloring ON on input line 130.
 (./main.out)
(./main.out)
\@outlinefile=\write7
\openout7 = `main.out'.

LaTeX Font Info:    Overwriting symbol font `operators' in version `normal'
(Font)                  OT1/lmr/m/n --> OT1/cmss/m/n on input line 130.
LaTeX Font Info:    Overwriting symbol font `operators' in version `bold'
(Font)                  OT1/lmr/bx/n --> OT1/cmss/b/n on input line 130.
LaTeX Font Info:    Overwriting symbol font `operators' in version `normal'
(Font)                  OT1/cmss/m/n --> OT1/lmss/m/n on input line 130.
LaTeX Font Info:    Overwriting symbol font `operators' in version `bold'
(Font)                  OT1/cmss/b/n --> OT1/lmss/b/n on input line 130.
\symnumbers=\mathgroup6
\sympureletters=\mathgroup7
LaTeX Font Info:    Overwriting math alphabet `\mathrm' in version `normal'
(Font)                  OT1/lmss/m/n --> T1/lmr/m/n on input line 130.
LaTeX Font Info:    Redeclaring math alphabet \mathbf on input line 130.
LaTeX Font Info:    Overwriting math alphabet `\mathbf' in version `normal'
(Font)                  OT1/lmr/bx/n --> T1/lmss/b/n on input line 130.
LaTeX Font Info:    Overwriting math alphabet `\mathbf' in version `bold'
(Font)                  OT1/lmr/bx/n --> T1/lmss/b/n on input line 130.
LaTeX Font Info:    Redeclaring math alphabet \mathsf on input line 130.
LaTeX Font Info:    Overwriting math alphabet `\mathsf' in version `normal'
(Font)                  OT1/lmss/m/n --> T1/lmss/m/n on input line 130.
LaTeX Font Info:    Overwriting math alphabet `\mathsf' in version `bold'
(Font)                  OT1/lmss/bx/n --> T1/lmss/m/n on input line 130.
LaTeX Font Info:    Redeclaring math alphabet \mathit on input line 130.
LaTeX Font Info:    Overwriting math alphabet `\mathit' in version `normal'
(Font)                  OT1/lmr/m/it --> T1/lmss/m/it on input line 130.
LaTeX Font Info:    Overwriting math alphabet `\mathit' in version `bold'
(Font)                  OT1/lmr/bx/it --> T1/lmss/m/it on input line 130.
LaTeX Font Info:    Redeclaring math alphabet \mathtt on input line 130.
LaTeX Font Info:    Overwriting math alphabet `\mathtt' in version `normal'
(Font)                  OT1/lmtt/m/n --> T1/lmtt/m/n on input line 130.
LaTeX Font Info:    Overwriting math alphabet `\mathtt' in version `bold'
(Font)                  OT1/lmtt/m/n --> T1/lmtt/m/n on input line 130.
LaTeX Font Info:    Overwriting symbol font `numbers' in version `bold'
(Font)                  T1/lmss/m/n --> T1/lmss/b/n on input line 130.
LaTeX Font Info:    Overwriting symbol font `pureletters' in version `bold'
(Font)                  T1/lmss/m/it --> T1/lmss/b/it on input line 130.
LaTeX Font Info:    Overwriting math alphabet `\mathrm' in version `bold'
(Font)                  OT1/lmss/b/n --> T1/lmr/b/n on input line 130.
LaTeX Font Info:    Overwriting math alphabet `\mathbf' in version `bold'
(Font)                  T1/lmss/b/n --> T1/lmss/b/n on input line 130.
LaTeX Font Info:    Overwriting math alphabet `\mathsf' in version `bold'
(Font)                  T1/lmss/m/n --> T1/lmss/b/n on input line 130.
LaTeX Font Info:    Overwriting math alphabet `\mathit' in version `bold'
(Font)                  T1/lmss/m/it --> T1/lmss/b/it on input line 130.
LaTeX Font Info:    Overwriting math alphabet `\mathtt' in version `bold'
(Font)                  T1/lmtt/m/n --> T1/lmtt/b/n on input line 130.

(/usr/share/texmf-dist/tex/latex/translator/translator-basic-dictionary-English
.dict
Dictionary: translator-basic-dictionary, Language: English 
)
(/usr/share/texmf-dist/tex/latex/translator/translator-bibliography-dictionary-
English.dict
Dictionary: translator-bibliography-dictionary, Language: English 
)
(/usr/share/texmf-dist/tex/latex/translator/translator-environment-dictionary-E
nglish.dict
Dictionary: translator-environment-dictionary, Language: English 
)
(/usr/share/texmf-dist/tex/latex/translator/translator-months-dictionary-Englis
h.dict
Dictionary: translator-months-dictionary, Language: English 
)
(/usr/share/texmf-dist/tex/latex/translator/translator-numbers-dictionary-Engli
sh.dict
Dictionary: translator-numbers-dictionary, Language: English 
)
(/usr/share/texmf-dist/tex/latex/translator/translator-theorem-dictionary-Engli
sh.dict
Dictionary: translator-theorem-dictionary, Language: English 
)
(/usr/share/texmf-dist/tex/latex/translations/translations-basic-dictionary-eng
lish.trsl
File: translations-basic-dictionary-english.trsl (english translation file `tra
nslations-basic-dictionary')
)
Package translations Info: loading dictionary `translations-basic-dictionary' f
or `english'. on input line 130.
 (/usr/share/texmf-dist/tex/latex/fmtcount/fc-english.def
File: fc-english.def 2016/01/12
)
Package pgfplots notification 'compat/show suggested version=true': document ha
s been generated with the most recent feature set (\pgfplotsset{compat=1.18}).

Package biblatex Info: Trying to load language 'english'...
Package biblatex Info: ... file 'english.lbx' found.
(/usr/share/texmf-dist/tex/latex/biblatex/lbx/english.lbx
File: english.lbx 2024/03/21 v3.20 biblatex localization (PK/MW)
)
Package biblatex Info: Input encoding 'utf8' detected.
Package biblatex Info: Automatic encoding selection.
(biblatex)             Assuming data encoding 'utf8'.
\openout6 = `main.bcf'.

Package biblatex Info: Trying to load bibliographic data...
Package biblatex Info: ... file 'main.bbl' not found.

No file main.bbl.
Package biblatex Info: Reference section=0 on input line 130.
Package biblatex Info: Reference segment=0 on input line 130.
(./main.nav)
<pictures/logo/udes_logo.pdf, id=69, 416.68016pt x 65.70796pt>
File: pictures/logo/udes_logo.pdf Graphic file (type pdf)
<use pictures/logo/udes_logo.pdf>
Package pdftex.def Info: pictures/logo/udes_logo.pdf  used on input line 142.
(pdftex.def)             Requested size: 125.005pt x 19.71252pt.


<pictures/background/background-PCB.png, id=82, 893.3375pt x 554.07pt>
File: pictures/background/background-PCB.png Graphic file (type png)
<use pictures/background/background-PCB.png>
Package pdftex.def Info: pictures/background/background-PCB.png  used on input 
line 142.
(pdftex.def)             Requested size: 440.3973pt x 273.14662pt.
[1

{/var/lib/texmf/fonts/map/pdftex/updmap/pdftex.map}{/usr/share/texmf-dist/fonts
/enc/dvips/lm/lm-ec.enc} <./pictures/background/background-PCB.png (PNG copy)> 
<./pictures/logo/udes_logo.pdf>] (./Sections/Section1.tex (./main.toc)

<pictures/background/background2.jpg, id=146, 738.76pt x 554.07pt>
File: pictures/background/background2.jpg Graphic file (type jpg)
<use pictures/background/background2.jpg>
Package pdftex.def Info: pictures/background/background2.jpg  used on input lin
e 3.
(pdftex.def)             Requested size: 364.19371pt x 273.14528pt.
[2

 <./pictures/background/background2.jpg>] (./main.toc)

File: pictures/background/background2.jpg Graphic file (type jpg)
<use pictures/background/background2.jpg>
Package pdftex.def Info: pictures/background/background2.jpg  used on input lin
e 5.
(pdftex.def)             Requested size: 364.19371pt x 273.14528pt.
[3

]
LaTeX Font Info:    Trying to load font information for OT1+lmss on input line 
37.
 (/usr/share/texmf-dist/tex/latex/lm/ot1lmss.fd
File: ot1lmss.fd 2015/05/01 v1.6.1 Font defs for Latin Modern
)
LaTeX Font Info:    Trying to load font information for OML+lmm on input line 3
7.

(/usr/share/texmf-dist/tex/latex/lm/omllmm.fd
File: omllmm.fd 2015/05/01 v1.6.1 Font defs for Latin Modern
)
LaTeX Font Info:    Trying to load font information for OMS+lmsy on input line 
37.

(/usr/share/texmf-dist/tex/latex/lm/omslmsy.fd
File: omslmsy.fd 2015/05/01 v1.6.1 Font defs for Latin Modern
)
LaTeX Font Info:    Trying to load font information for OMX+lmex on input line 
37.

(/usr/share/texmf-dist/tex/latex/lm/omxlmex.fd
File: omxlmex.fd 2015/05/01 v1.6.1 Font defs for Latin Modern
)
LaTeX Font Info:    External font `lmex10' loaded for size
(Font)              <12> on input line 37.
LaTeX Font Info:    External font `lmex10' loaded for size
(Font)              <8> on input line 37.
LaTeX Font Info:    External font `lmex10' loaded for size
(Font)              <6> on input line 37.
LaTeX Font Info:    Trying to load font information for U+msa on input line 37.


(/usr/share/texmf-dist/tex/latex/amsfonts/umsa.fd
File: umsa.fd 2013/01/14 v3.01 AMS symbols A
)
LaTeX Font Info:    Trying to load font information for U+msb on input line 37.


(/usr/share/texmf-dist/tex/latex/amsfonts/umsb.fd
File: umsb.fd 2013/01/14 v3.01 AMS symbols B
)
LaTeX Font Info:    Font shape `T1/lmss/m/it' in size <12> not available
(Font)              Font shape `T1/lmss/m/sl' tried instead on input line 37.
LaTeX Font Info:    Font shape `T1/lmss/m/it' in size <8> not available
(Font)              Font shape `T1/lmss/m/sl' tried instead on input line 37.
LaTeX Font Info:    Font shape `T1/lmss/m/it' in size <6> not available
(Font)              Font shape `T1/lmss/m/sl' tried instead on input line 37.
LaTeX Font Info:    External font `lmex10' loaded for size
(Font)              <10> on input line 37.
LaTeX Font Info:    External font `lmex10' loaded for size
(Font)              <7> on input line 37.
LaTeX Font Info:    External font `lmex10' loaded for size
(Font)              <5> on input line 37.
LaTeX Font Info:    Font shape `T1/lmss/m/it' in size <10> not available
(Font)              Font shape `T1/lmss/m/sl' tried instead on input line 37.
LaTeX Font Info:    Font shape `T1/lmss/m/it' in size <7> not available
(Font)              Font shape `T1/lmss/m/sl' tried instead on input line 37.
LaTeX Font Info:    Font shape `T1/lmss/m/it' in size <5> not available
(Font)              Font shape `T1/lmss/m/sl' tried instead on input line 37.
LaTeX Font Info:    External font `lmex10' loaded for size
(Font)              <10.95> on input line 37.
LaTeX Font Info:    Font shape `T1/lmss/m/it' in size <10.95> not available
(Font)              Font shape `T1/lmss/m/sl' tried instead on input line 37.
<pictures/ESD-discharge-finger.png, id=230, 803.0pt x 451.6875pt>
File: pictures/ESD-discharge-finger.png Graphic file (type png)
<use pictures/ESD-discharge-finger.png>
Package pdftex.def Info: pictures/ESD-discharge-finger.png  used on input line 
37.
(pdftex.def)             Requested size: 112.95807pt x 63.53906pt.
<pictures/ESD-logo.png, id=231, 44.57599pt x 44.57599pt>
File: pictures/ESD-logo.png Graphic file (type png)
<use pictures/ESD-logo.png>
Package pdftex.def Info: pictures/ESD-logo.png  used on input line 37.
(pdftex.def)             Requested size: 56.47903pt x 56.48094pt.
<pictures/logo/c3i.png, id=233, 822.272pt x 708.246pt>
File: pictures/logo/c3i.png Graphic file (type png)
<use pictures/logo/c3i.png>
Package pdftex.def Info: pictures/logo/c3i.png  used on input line 37.
(pdftex.def)             Requested size: 20.96577pt x 18.06734pt.
<pictures/logo/m1_alpha.pdf, id=234, 56.90552pt x 56.90552pt>
File: pictures/logo/m1_alpha.pdf Graphic file (type pdf)
<use pictures/logo/m1_alpha.pdf>
Package pdftex.def Info: pictures/logo/m1_alpha.pdf  used on input line 37.
(pdftex.def)             Requested size: 18.06685pt x 18.06734pt.


File: pictures/background/background2.jpg Graphic file (type jpg)
<use pictures/background/background2.jpg>
Package pdftex.def Info: pictures/background/background2.jpg  used on input lin
e 37.
(pdftex.def)             Requested size: 364.19371pt x 273.14528pt.
[4

{/usr/share/texmf-dist/fonts/enc/dvips/lm/lm-mathsy.enc} <./pictures/logo/c3i.p
ng> <./pictures/logo/m1_alpha.pdf> <./pictures/ESD-discharge-finger.png> <./pic
tures/ESD-logo.png>]
<pictures/ESD-discharge-waveform.png, id=274, 670.75594pt x 427.5975pt>
File: pictures/ESD-discharge-waveform.png Graphic file (type png)
<use pictures/ESD-discharge-waveform.png>
Package pdftex.def Info: pictures/ESD-discharge-waveform.png  used on input lin
e 61.
(pdftex.def)             Requested size: 342.2953pt x 218.20885pt.
File: pictures/logo/c3i.png Graphic file (type png)
<use pictures/logo/c3i.png>
Package pdftex.def Info: pictures/logo/c3i.png  used on input line 61.
(pdftex.def)             Requested size: 20.96577pt x 18.06734pt.
File: pictures/logo/m1_alpha.pdf Graphic file (type pdf)
<use pictures/logo/m1_alpha.pdf>
Package pdftex.def Info: pictures/logo/m1_alpha.pdf  used on input line 61.
(pdftex.def)             Requested size: 18.06685pt x 18.06734pt.


File: pictures/background/background2.jpg Graphic file (type jpg)
<use pictures/background/background2.jpg>
Package pdftex.def Info: pictures/background/background2.jpg  used on input lin
e 61.
(pdftex.def)             Requested size: 364.19371pt x 273.14528pt.
[5

 <./pictures/ESD-discharge-waveform.png>]
\absvshift=\dimen389
File: pictures/logo/c3i.png Graphic file (type png)
<use pictures/logo/c3i.png>
Package pdftex.def Info: pictures/logo/c3i.png  used on input line 90.
(pdftex.def)             Requested size: 20.96577pt x 18.06734pt.
File: pictures/logo/m1_alpha.pdf Graphic file (type pdf)
<use pictures/logo/m1_alpha.pdf>
Package pdftex.def Info: pictures/logo/m1_alpha.pdf  used on input line 90.
(pdftex.def)             Requested size: 18.06685pt x 18.06734pt.


File: pictures/background/background2.jpg Graphic file (type jpg)
<use pictures/background/background2.jpg>
Package pdftex.def Info: pictures/background/background2.jpg  used on input lin
e 90.
(pdftex.def)             Requested size: 364.19371pt x 273.14528pt.
[6

{/usr/share/texmf-dist/fonts/enc/dvips/lm/lm-rm.enc}]
<pictures/diode-iv-curve.png, id=333, 1003.75pt x 602.25pt>
File: pictures/diode-iv-curve.png Graphic file (type png)
<use pictures/diode-iv-curve.png>
Package pdftex.def Info: pictures/diode-iv-curve.png  used on input line 97.
(pdftex.def)             Requested size: 342.2953pt x 205.37799pt.
File: pictures/logo/c3i.png Graphic file (type png)
<use pictures/logo/c3i.png>
Package pdftex.def Info: pictures/logo/c3i.png  used on input line 97.
(pdftex.def)             Requested size: 20.96577pt x 18.06734pt.
File: pictures/logo/m1_alpha.pdf Graphic file (type pdf)
<use pictures/logo/m1_alpha.pdf>
Package pdftex.def Info: pictures/logo/m1_alpha.pdf  used on input line 97.
(pdftex.def)             Requested size: 18.06685pt x 18.06734pt.


File: pictures/background/background2.jpg Graphic file (type jpg)
<use pictures/background/background2.jpg>
Package pdftex.def Info: pictures/background/background2.jpg  used on input lin
e 97.
(pdftex.def)             Requested size: 364.19371pt x 273.14528pt.
[7

 <./pictures/diode-iv-curve.png>]
<pictures/diode-zener-iv-curve.png, id=362, 1075.01625pt x 1049.9225pt>
File: pictures/diode-zener-iv-curve.png Graphic file (type png)
<use pictures/diode-zener-iv-curve.png>
Package pdftex.def Info: pictures/diode-zener-iv-curve.png  used on input line 
120.
(pdftex.def)             Requested size: 205.37926pt x 200.57674pt.
File: pictures/logo/c3i.png Graphic file (type png)
<use pictures/logo/c3i.png>
Package pdftex.def Info: pictures/logo/c3i.png  used on input line 120.
(pdftex.def)             Requested size: 20.96577pt x 18.06734pt.
File: pictures/logo/m1_alpha.pdf Graphic file (type pdf)
<use pictures/logo/m1_alpha.pdf>
Package pdftex.def Info: pictures/logo/m1_alpha.pdf  used on input line 120.
(pdftex.def)             Requested size: 18.06685pt x 18.06734pt.


File: pictures/background/background2.jpg Graphic file (type jpg)
<use pictures/background/background2.jpg>
Package pdftex.def Info: pictures/background/background2.jpg  used on input lin
e 120.
(pdftex.def)             Requested size: 364.19371pt x 273.14528pt.
[8

 <./pictures/diode-zener-iv-curve.png>]
\absvshift=\dimen390
File: pictures/logo/c3i.png Graphic file (type png)
<use pictures/logo/c3i.png>
Package pdftex.def Info: pictures/logo/c3i.png  used on input line 153.
(pdftex.def)             Requested size: 20.96577pt x 18.06734pt.
File: pictures/logo/m1_alpha.pdf Graphic file (type pdf)
<use pictures/logo/m1_alpha.pdf>
Package pdftex.def Info: pictures/logo/m1_alpha.pdf  used on input line 153.
(pdftex.def)             Requested size: 18.06685pt x 18.06734pt.


File: pictures/background/background2.jpg Graphic file (type jpg)
<use pictures/background/background2.jpg>
Package pdftex.def Info: pictures/background/background2.jpg  used on input lin
e 153.
(pdftex.def)             Requested size: 364.19371pt x 273.14528pt.
[9

]
<pictures/clamping-esd-pulse.png, id=417, 386.19281pt x 164.11313pt>
File: pictures/clamping-esd-pulse.png Graphic file (type png)
<use pictures/clamping-esd-pulse.png>
Package pdftex.def Info: pictures/clamping-esd-pulse.png  used on input line 16
9.
(pdftex.def)             Requested size: 342.2953pt x 145.45921pt.
File: pictures/logo/c3i.png Graphic file (type png)
<use pictures/logo/c3i.png>
Package pdftex.def Info: pictures/logo/c3i.png  used on input line 169.
(pdftex.def)             Requested size: 20.96577pt x 18.06734pt.
File: pictures/logo/m1_alpha.pdf Graphic file (type pdf)
<use pictures/logo/m1_alpha.pdf>
Package pdftex.def Info: pictures/logo/m1_alpha.pdf  used on input line 169.
(pdftex.def)             Requested size: 18.06685pt x 18.06734pt.


File: pictures/background/background2.jpg Graphic file (type jpg)
<use pictures/background/background2.jpg>
Package pdftex.def Info: pictures/background/background2.jpg  used on input lin
e 169.
(pdftex.def)             Requested size: 364.19371pt x 273.14528pt.
[10

 <./pictures/clamping-esd-pulse.png>]
\absvshift=\dimen391
File: pictures/logo/c3i.png Graphic file (type png)
<use pictures/logo/c3i.png>
Package pdftex.def Info: pictures/logo/c3i.png  used on input line 207.
(pdftex.def)             Requested size: 20.96577pt x 18.06734pt.
File: pictures/logo/m1_alpha.pdf Graphic file (type pdf)
<use pictures/logo/m1_alpha.pdf>
Package pdftex.def Info: pictures/logo/m1_alpha.pdf  used on input line 207.
(pdftex.def)             Requested size: 18.06685pt x 18.06734pt.


File: pictures/background/background2.jpg Graphic file (type jpg)
<use pictures/background/background2.jpg>
Package pdftex.def Info: pictures/background/background2.jpg  used on input lin
e 207.
(pdftex.def)             Requested size: 364.19371pt x 273.14528pt.
[11

]
<pictures/diode-tvs-iv-curve.png, id=471, 533.74406pt x 189.70876pt>
File: pictures/diode-tvs-iv-curve.png Graphic file (type png)
<use pictures/diode-tvs-iv-curve.png>
Package pdftex.def Info: pictures/diode-tvs-iv-curve.png  used on input line 22
8.
(pdftex.def)             Requested size: 342.2953pt x 121.66502pt.
File: pictures/logo/c3i.png Graphic file (type png)
<use pictures/logo/c3i.png>
Package pdftex.def Info: pictures/logo/c3i.png  used on input line 228.
(pdftex.def)             Requested size: 20.96577pt x 18.06734pt.
File: pictures/logo/m1_alpha.pdf Graphic file (type pdf)
<use pictures/logo/m1_alpha.pdf>
Package pdftex.def Info: pictures/logo/m1_alpha.pdf  used on input line 228.
(pdftex.def)             Requested size: 18.06685pt x 18.06734pt.


File: pictures/background/background2.jpg Graphic file (type jpg)
<use pictures/background/background2.jpg>
Package pdftex.def Info: pictures/background/background2.jpg  used on input lin
e 228.
(pdftex.def)             Requested size: 364.19371pt x 273.14528pt.
[12

 <./pictures/diode-tvs-iv-curve.png>]
\absvshift=\dimen392
File: pictures/logo/c3i.png Graphic file (type png)
<use pictures/logo/c3i.png>
Package pdftex.def Info: pictures/logo/c3i.png  used on input line 257.
(pdftex.def)             Requested size: 20.96577pt x 18.06734pt.
File: pictures/logo/m1_alpha.pdf Graphic file (type pdf)
<use pictures/logo/m1_alpha.pdf>
Package pdftex.def Info: pictures/logo/m1_alpha.pdf  used on input line 257.
(pdftex.def)             Requested size: 18.06685pt x 18.06734pt.


File: pictures/background/background2.jpg Graphic file (type jpg)
<use pictures/background/background2.jpg>
Package pdftex.def Info: pictures/background/background2.jpg  used on input lin
e 257.
(pdftex.def)             Requested size: 364.19371pt x 273.14528pt.
[13

] (./main.toc)

File: pictures/background/background2.jpg Graphic file (type jpg)
<use pictures/background/background2.jpg>
Package pdftex.def Info: pictures/background/background2.jpg  used on input lin
e 260.
(pdftex.def)             Requested size: 364.19371pt x 273.14528pt.
[14

]
\absvshift=\dimen393
File: pictures/logo/c3i.png Graphic file (type png)
<use pictures/logo/c3i.png>
Package pdftex.def Info: pictures/logo/c3i.png  used on input line 289.
(pdftex.def)             Requested size: 20.96577pt x 18.06734pt.
File: pictures/logo/m1_alpha.pdf Graphic file (type pdf)
<use pictures/logo/m1_alpha.pdf>
Package pdftex.def Info: pictures/logo/m1_alpha.pdf  used on input line 289.
(pdftex.def)             Requested size: 18.06685pt x 18.06734pt.


File: pictures/background/background2.jpg Graphic file (type jpg)
<use pictures/background/background2.jpg>
Package pdftex.def Info: pictures/background/background2.jpg  used on input lin
e 289.
(pdftex.def)             Requested size: 364.19371pt x 273.14528pt.
[15

]
\absvshift=\dimen394
File: pictures/logo/c3i.png Graphic file (type png)
<use pictures/logo/c3i.png>
Package pdftex.def Info: pictures/logo/c3i.png  used on input line 321.
(pdftex.def)             Requested size: 20.96577pt x 18.06734pt.
File: pictures/logo/m1_alpha.pdf Graphic file (type pdf)
<use pictures/logo/m1_alpha.pdf>
Package pdftex.def Info: pictures/logo/m1_alpha.pdf  used on input line 321.
(pdftex.def)             Requested size: 18.06685pt x 18.06734pt.


File: pictures/background/background2.jpg Graphic file (type jpg)
<use pictures/background/background2.jpg>
Package pdftex.def Info: pictures/background/background2.jpg  used on input lin
e 321.
(pdftex.def)             Requested size: 364.19371pt x 273.14528pt.
[16

]
\absvshift=\dimen395
File: pictures/logo/c3i.png Graphic file (type png)
<use pictures/logo/c3i.png>
Package pdftex.def Info: pictures/logo/c3i.png  used on input line 356.
(pdftex.def)             Requested size: 20.96577pt x 18.06734pt.
File: pictures/logo/m1_alpha.pdf Graphic file (type pdf)
<use pictures/logo/m1_alpha.pdf>
Package pdftex.def Info: pictures/logo/m1_alpha.pdf  used on input line 356.
(pdftex.def)             Requested size: 18.06685pt x 18.06734pt.


File: pictures/background/background2.jpg Graphic file (type jpg)
<use pictures/background/background2.jpg>
Package pdftex.def Info: pictures/background/background2.jpg  used on input lin
e 356.
(pdftex.def)             Requested size: 364.19371pt x 273.14528pt.
[17

]
File: pictures/logo/c3i.png Graphic file (type png)
<use pictures/logo/c3i.png>
Package pdftex.def Info: pictures/logo/c3i.png  used on input line 419.
(pdftex.def)             Requested size: 20.96577pt x 18.06734pt.
File: pictures/logo/m1_alpha.pdf Graphic file (type pdf)
<use pictures/logo/m1_alpha.pdf>
Package pdftex.def Info: pictures/logo/m1_alpha.pdf  used on input line 419.
(pdftex.def)             Requested size: 18.06685pt x 18.06734pt.


File: pictures/background/background2.jpg Graphic file (type jpg)
<use pictures/background/background2.jpg>
Package pdftex.def Info: pictures/background/background2.jpg  used on input lin
e 419.
(pdftex.def)             Requested size: 364.19371pt x 273.14528pt.
[18

{/usr/share/texmf-dist/fonts/enc/dvips/lm/lm-mathit.enc}]
\absvshift=\dimen396
File: pictures/logo/c3i.png Graphic file (type png)
<use pictures/logo/c3i.png>
Package pdftex.def Info: pictures/logo/c3i.png  used on input line 456.
(pdftex.def)             Requested size: 20.96577pt x 18.06734pt.
File: pictures/logo/m1_alpha.pdf Graphic file (type pdf)
<use pictures/logo/m1_alpha.pdf>
Package pdftex.def Info: pictures/logo/m1_alpha.pdf  used on input line 456.
(pdftex.def)             Requested size: 18.06685pt x 18.06734pt.


File: pictures/background/background2.jpg Graphic file (type jpg)
<use pictures/background/background2.jpg>
Package pdftex.def Info: pictures/background/background2.jpg  used on input lin
e 456.
(pdftex.def)             Requested size: 364.19371pt x 273.14528pt.
[19

] (./main.toc)

File: pictures/background/background2.jpg Graphic file (type jpg)
<use pictures/background/background2.jpg>
Package pdftex.def Info: pictures/background/background2.jpg  used on input lin
e 459.
(pdftex.def)             Requested size: 364.19371pt x 273.14528pt.
[20

]
<pictures/fuse.png, id=749, 626.34pt x 626.34pt>
File: pictures/fuse.png Graphic file (type png)
<use pictures/fuse.png>
Package pdftex.def Info: pictures/fuse.png  used on input line 485.
(pdftex.def)             Requested size: 56.47903pt x 56.47328pt.
<pictures/fuse-curve.png, id=750, 661.47125pt x 756.8275pt>
File: pictures/fuse-curve.png Graphic file (type png)
<use pictures/fuse-curve.png>
Package pdftex.def Info: pictures/fuse-curve.png  used on input line 485.
(pdftex.def)             Requested size: 182.13225pt x 208.38803pt.
File: pictures/logo/c3i.png Graphic file (type png)
<use pictures/logo/c3i.png>
Package pdftex.def Info: pictures/logo/c3i.png  used on input line 485.
(pdftex.def)             Requested size: 20.96577pt x 18.06734pt.
File: pictures/logo/m1_alpha.pdf Graphic file (type pdf)
<use pictures/logo/m1_alpha.pdf>
Package pdftex.def Info: pictures/logo/m1_alpha.pdf  used on input line 485.
(pdftex.def)             Requested size: 18.06685pt x 18.06734pt.


File: pictures/background/background2.jpg Graphic file (type jpg)
<use pictures/background/background2.jpg>
Package pdftex.def Info: pictures/background/background2.jpg  used on input lin
e 485.
(pdftex.def)             Requested size: 364.19371pt x 273.14528pt.
[21

 <./pictures/fuse.png> <./pictures/fuse-curve.png>]
<pictures/polyfuse.png, id=778, 385.44pt x 413.545pt>
File: pictures/polyfuse.png Graphic file (type png)
<use pictures/polyfuse.png>
Package pdftex.def Info: pictures/polyfuse.png  used on input line 513.
(pdftex.def)             Requested size: 56.47903pt x 60.59665pt.
<pictures/polyfuse-curve.png, id=779, 672.5125pt x 1135.24126pt>
File: pictures/polyfuse-curve.png Graphic file (type png)
<use pictures/polyfuse-curve.png>
Package pdftex.def Info: pictures/polyfuse-curve.png  used on input line 513.
(pdftex.def)             Requested size: 127.2964pt x 214.88393pt.

Overfull \hbox (12.33154pt too wide) detected at line 513
[][][] $[]$[][][][][][][][] $[]$[][][][][][] 
 []

File: pictures/logo/c3i.png Graphic file (type png)
<use pictures/logo/c3i.png>
Package pdftex.def Info: pictures/logo/c3i.png  used on input line 513.
(pdftex.def)             Requested size: 20.96577pt x 18.06734pt.
File: pictures/logo/m1_alpha.pdf Graphic file (type pdf)
<use pictures/logo/m1_alpha.pdf>
Package pdftex.def Info: pictures/logo/m1_alpha.pdf  used on input line 513.
(pdftex.def)             Requested size: 18.06685pt x 18.06734pt.


File: pictures/background/background2.jpg Graphic file (type jpg)
<use pictures/background/background2.jpg>
Package pdftex.def Info: pictures/background/background2.jpg  used on input lin
e 513.
(pdftex.def)             Requested size: 364.19371pt x 273.14528pt.
[22

 <./pictures/polyfuse.png> <./pictures/polyfuse-curve.png>] (./main.toc)

File: pictures/background/background2.jpg Graphic file (type jpg)
<use pictures/background/background2.jpg>
Package pdftex.def Info: pictures/background/background2.jpg  used on input lin
e 515.
(pdftex.def)             Requested size: 364.19371pt x 273.14528pt.
[23

]
LaTeX Font Info:    Trying to load font information for TS1+lmss on input line 
530.
 (/usr/share/texmf-dist/tex/latex/lm/ts1lmss.fd
File: ts1lmss.fd 2015/05/01 v1.6.1 Font defs for Latin Modern
)
<pictures/inrush-current.png, id=854, 319.1925pt x 195.73125pt>
File: pictures/inrush-current.png Graphic file (type png)
<use pictures/inrush-current.png>
Package pdftex.def Info: pictures/inrush-current.png  used on input line 530.
(pdftex.def)             Requested size: 233.64174pt x 143.26486pt.
File: pictures/logo/c3i.png Graphic file (type png)
<use pictures/logo/c3i.png>
Package pdftex.def Info: pictures/logo/c3i.png  used on input line 530.
(pdftex.def)             Requested size: 20.96577pt x 18.06734pt.
File: pictures/logo/m1_alpha.pdf Graphic file (type pdf)
<use pictures/logo/m1_alpha.pdf>
Package pdftex.def Info: pictures/logo/m1_alpha.pdf  used on input line 530.
(pdftex.def)             Requested size: 18.06685pt x 18.06734pt.


File: pictures/background/background2.jpg Graphic file (type jpg)
<use pictures/background/background2.jpg>
Package pdftex.def Info: pictures/background/background2.jpg  used on input lin
e 530.
(pdftex.def)             Requested size: 364.19371pt x 273.14528pt.
[24

{/usr/share/texmf-dist/fonts/enc/dvips/lm/lm-ts1.enc} <./pictures/inrush-curren
t.png>]
File: pictures/inrush-current.png Graphic file (type png)
<use pictures/inrush-current.png>
Package pdftex.def Info: pictures/inrush-current.png  used on input line 530.
(pdftex.def)             Requested size: 233.64174pt x 143.26486pt.
File: pictures/logo/c3i.png Graphic file (type png)
<use pictures/logo/c3i.png>
Package pdftex.def Info: pictures/logo/c3i.png  used on input line 530.
(pdftex.def)             Requested size: 20.96577pt x 18.06734pt.
File: pictures/logo/m1_alpha.pdf Graphic file (type pdf)
<use pictures/logo/m1_alpha.pdf>
Package pdftex.def Info: pictures/logo/m1_alpha.pdf  used on input line 530.
(pdftex.def)             Requested size: 18.06685pt x 18.06734pt.


File: pictures/background/background2.jpg Graphic file (type jpg)
<use pictures/background/background2.jpg>
Package pdftex.def Info: pictures/background/background2.jpg  used on input lin
e 530.
(pdftex.def)             Requested size: 364.19371pt x 273.14528pt.
[25

]
<pictures/inrush-current-limiter.png, id=910, 630.355pt x 620.3175pt>
File: pictures/inrush-current-limiter.png Graphic file (type png)
<use pictures/inrush-current-limiter.png>
Package pdftex.def Info: pictures/inrush-current-limiter.png  used on input lin
e 565.
(pdftex.def)             Requested size: 59.90271pt x 58.94023pt.
File: pictures/logo/c3i.png Graphic file (type png)
<use pictures/logo/c3i.png>
Package pdftex.def Info: pictures/logo/c3i.png  used on input line 565.
(pdftex.def)             Requested size: 20.96577pt x 18.06734pt.
File: pictures/logo/m1_alpha.pdf Graphic file (type pdf)
<use pictures/logo/m1_alpha.pdf>
Package pdftex.def Info: pictures/logo/m1_alpha.pdf  used on input line 565.
(pdftex.def)             Requested size: 18.06685pt x 18.06734pt.


File: pictures/background/background2.jpg Graphic file (type jpg)
<use pictures/background/background2.jpg>
Package pdftex.def Info: pictures/background/background2.jpg  used on input lin
e 565.
(pdftex.def)             Requested size: 364.19371pt x 273.14528pt.
[26

 <./pictures/inrush-current-limiter.png>]
File: pictures/inrush-current-limiter.png Graphic file (type png)
<use pictures/inrush-current-limiter.png>
Package pdftex.def Info: pictures/inrush-current-limiter.png  used on input lin
e 565.
(pdftex.def)             Requested size: 59.90271pt x 58.94023pt.
<pictures/inrush-current-limiter-pmos.png, id=938, 208.1376pt x 122.859pt>
File: pictures/inrush-current-limiter-pmos.png Graphic file (type png)
<use pictures/inrush-current-limiter-pmos.png>
Package pdftex.def Info: pictures/inrush-current-limiter-pmos.png  used on inpu
t line 565.
(pdftex.def)             Requested size: 119.80544pt x 70.71834pt.
File: pictures/logo/c3i.png Graphic file (type png)
<use pictures/logo/c3i.png>
Package pdftex.def Info: pictures/logo/c3i.png  used on input line 565.
(pdftex.def)             Requested size: 20.96577pt x 18.06734pt.
File: pictures/logo/m1_alpha.pdf Graphic file (type pdf)
<use pictures/logo/m1_alpha.pdf>
Package pdftex.def Info: pictures/logo/m1_alpha.pdf  used on input line 565.
(pdftex.def)             Requested size: 18.06685pt x 18.06734pt.


File: pictures/background/background2.jpg Graphic file (type jpg)
<use pictures/background/background2.jpg>
Package pdftex.def Info: pictures/background/background2.jpg  used on input lin
e 565.
(pdftex.def)             Requested size: 364.19371pt x 273.14528pt.
[27

 <./pictures/inrush-current-limiter-pmos.png>]
File: pictures/inrush-current-limiter.png Graphic file (type png)
<use pictures/inrush-current-limiter.png>
Package pdftex.def Info: pictures/inrush-current-limiter.png  used on input lin
e 565.
(pdftex.def)             Requested size: 59.90271pt x 58.94023pt.
File: pictures/inrush-current-limiter-pmos.png Graphic file (type png)
<use pictures/inrush-current-limiter-pmos.png>
Package pdftex.def Info: pictures/inrush-current-limiter-pmos.png  used on inpu
t line 565.
(pdftex.def)             Requested size: 119.80544pt x 70.71834pt.
File: pictures/logo/c3i.png Graphic file (type png)
<use pictures/logo/c3i.png>
Package pdftex.def Info: pictures/logo/c3i.png  used on input line 565.
(pdftex.def)             Requested size: 20.96577pt x 18.06734pt.
File: pictures/logo/m1_alpha.pdf Graphic file (type pdf)
<use pictures/logo/m1_alpha.pdf>
Package pdftex.def Info: pictures/logo/m1_alpha.pdf  used on input line 565.
(pdftex.def)             Requested size: 18.06685pt x 18.06734pt.


File: pictures/background/background2.jpg Graphic file (type jpg)
<use pictures/background/background2.jpg>
Package pdftex.def Info: pictures/background/background2.jpg  used on input lin
e 565.
(pdftex.def)             Requested size: 364.19371pt x 273.14528pt.
[28

] (./main.toc)

File: pictures/background/background2.jpg Graphic file (type jpg)
<use pictures/background/background2.jpg>
Package pdftex.def Info: pictures/background/background2.jpg  used on input lin
e 567.
(pdftex.def)             Requested size: 364.19371pt x 273.14528pt.
[29

]) (./Sections/Section2.tex (./main.toc)

File: pictures/background/background2.jpg Graphic file (type jpg)
<use pictures/background/background2.jpg>
Package pdftex.def Info: pictures/background/background2.jpg  used on input lin
e 3.
(pdftex.def)             Requested size: 364.19371pt x 273.14528pt.
[30

] (./main.toc)

File: pictures/background/background2.jpg Graphic file (type jpg)
<use pictures/background/background2.jpg>
Package pdftex.def Info: pictures/background/background2.jpg  used on input lin
e 5.
(pdftex.def)             Requested size: 364.19371pt x 273.14528pt.
[31

] (./main.toc)

File: pictures/background/background2.jpg Graphic file (type jpg)
<use pictures/background/background2.jpg>
Package pdftex.def Info: pictures/background/background2.jpg  used on input lin
e 6.
(pdftex.def)             Requested size: 364.19371pt x 273.14528pt.
[32

] (./main.toc)

File: pictures/background/background2.jpg Graphic file (type jpg)
<use pictures/background/background2.jpg>
Package pdftex.def Info: pictures/background/background2.jpg  used on input lin
e 7.
(pdftex.def)             Requested size: 364.19371pt x 273.14528pt.
[33

]) (./Sections/Section3.tex (./main.toc)

File: pictures/background/background2.jpg Graphic file (type jpg)
<use pictures/background/background2.jpg>
Package pdftex.def Info: pictures/background/background2.jpg  used on input lin
e 3.
(pdftex.def)             Requested size: 364.19371pt x 273.14528pt.
[34

] (./main.toc)

File: pictures/background/background2.jpg Graphic file (type jpg)
<use pictures/background/background2.jpg>
Package pdftex.def Info: pictures/background/background2.jpg  used on input lin
e 5.
(pdftex.def)             Requested size: 364.19371pt x 273.14528pt.
[35

] (./main.toc)

File: pictures/background/background2.jpg Graphic file (type jpg)
<use pictures/background/background2.jpg>
Package pdftex.def Info: pictures/background/background2.jpg  used on input lin
e 6.
(pdftex.def)             Requested size: 364.19371pt x 273.14528pt.
[36

]) (./Sections/Section4.tex (./main.toc)

File: pictures/background/background2.jpg Graphic file (type jpg)
<use pictures/background/background2.jpg>
Package pdftex.def Info: pictures/background/background2.jpg  used on input lin
e 3.
(pdftex.def)             Requested size: 364.19371pt x 273.14528pt.
[37

])

File: pictures/background/background-PCB.png Graphic file (type png)
<use pictures/background/background-PCB.png>
Package pdftex.def Info: pictures/background/background-PCB.png  used on input 
line 208.
(pdftex.def)             Requested size: 440.3973pt x 273.14662pt.
[38

]
\tf@nav=\write8
\openout8 = `main.nav'.

\tf@toc=\write9
\openout9 = `main.toc'.

\tf@snm=\write10
\openout10 = `main.snm'.

 (./main.aux)
 ***********
LaTeX2e <2024-11-01> patch level 2
L3 programming layer <2025-01-18>
 ***********
Package rerunfilecheck Info: File `main.out' has not changed.
(rerunfilecheck)             Checksum: 716F47B4C4D4844276C304D391215D91;2758.
Package logreq Info: Writing requests to 'main.run.xml'.
\openout1 = `main.run.xml'.

 ) 
Here is how much of TeX's memory you used:
 71473 strings out of 473190
 1789196 string characters out of 5722593
 2874237 words of memory out of 5000000
 93667 multiletter control sequences out of 15000+600000
 638947 words of font info for 98 fonts, out of 8000000 for 9000
 1141 hyphenation exceptions out of 8191
 128i,14n,123p,1003b,1469s stack positions out of 10000i,1000n,20000p,200000b,200000s
</usr/share/texmf-dist/fonts/type1/public/lm/lmmi10.pfb></usr/share/texmf-dis
t/fonts/type1/public/lm/lmss10.pfb></usr/share/texmf-dist/fonts/type1/public/lm
/lmss12.pfb></usr/share/texmf-dist/fonts/type1/public/lm/lmss8.pfb></usr/share/
texmf-dist/fonts/type1/public/lm/lmssbx10.pfb></usr/share/texmf-dist/fonts/type
1/public/lm/lmsso10.pfb></usr/share/texmf-dist/fonts/type1/public/lm/lmsso8.pfb
></usr/share/texmf-dist/fonts/type1/public/lm/lmsy10.pfb></usr/share/texmf-dist
/fonts/type1/public/amsfonts/symbols/msam10.pfb>
Output written on main.pdf (38 pages, 2626029 bytes).
PDF statistics:
 1488 PDF objects out of 1728 (max. 8388607)
 1284 compressed objects within 13 object streams
 91 named destinations out of 1000 (max. 500000)
 784 words of extra memory for PDF output out of 10000 (max. 10000000)

